Log file open, 02/12/22 19:29:31
LogWindows: Failed to load 'aqProf.dll' (GetLastError=126)
LogWindows: File 'aqProf.dll' does not exist
LogWindows: Failed to load 'VtuneApi.dll' (GetLastError=126)
LogWindows: File 'VtuneApi.dll' does not exist
LogWindows: Failed to load 'VtuneApi32e.dll' (GetLastError=126)
LogWindows: File 'VtuneApi32e.dll' does not exist
LogConsoleResponse: Display: Failed to find resolution value strings in scalability ini. Falling back to default.
LogConsoleResponse: Display: Failed to find resolution value strings in scalability ini. Falling back to default.
LogInit: Display: Running engine for game: SmolGame
LogPlatformFile: Not using cached read wrapper
LogTaskGraph: Started task graph with 5 named threads and 35 total threads with 3 sets of task threads.
LogStats: Stats thread started at 0.200317
LogICUInternationalization: ICU TimeZone Detection - Raw Offset: +1:00, Platform Override: ''
LogInit: Display: Loading text-based GConfig....
LogPluginManager: Mounting plugin MeshPainting
LogPluginManager: Mounting plugin XGEController
LogPluginManager: Mounting plugin Paper2D
LogPluginManager: Mounting plugin AISupport
LogPluginManager: Mounting plugin EnvironmentQueryEditor
LogPluginManager: Mounting plugin LightPropagationVolume
LogPluginManager: Mounting plugin LiveLink
LogPluginManager: Mounting plugin GameplayCameras
LogPluginManager: Mounting plugin CameraShakePreviewer
LogPluginManager: Mounting plugin OodleData
LogPluginManager: Mounting plugin OodleNetwork
LogPluginManager: Mounting plugin AssetManagerEditor
LogPluginManager: Mounting plugin CryptoKeys
LogPluginManager: Mounting plugin FacialAnimation
LogPluginManager: Mounting plugin CurveEditorTools
LogPluginManager: Mounting plugin GeometryMode
LogPluginManager: Mounting plugin GameplayTagsEditor
LogPluginManager: Mounting plugin MacGraphicsSwitching
LogPluginManager: Mounting plugin MaterialAnalyzer
LogPluginManager: Mounting plugin MobileLauncherProfileWizard
LogPluginManager: Mounting plugin PluginBrowser
LogPluginManager: Mounting plugin SpeedTreeImporter
LogPluginManager: Mounting plugin DataValidation
LogPluginManager: Mounting plugin DatasmithContent
LogPluginManager: Mounting plugin AnimationSharing
LogPluginManager: Mounting plugin CodeLiteSourceCodeAccess
LogPluginManager: Mounting plugin CLionSourceCodeAccess
LogPluginManager: Mounting plugin GitSourceControl
LogPluginManager: Mounting plugin KDevelopSourceCodeAccess
LogPluginManager: Mounting plugin NullSourceCodeAccess
LogPluginManager: Mounting plugin PerforceSourceControl
LogPluginManager: Mounting plugin PixWinPlugin
LogPluginManager: Mounting plugin PlasticSourceControl
LogPluginManager: Mounting plugin PluginUtils
LogPluginManager: Mounting plugin AlembicImporter
LogPluginManager: Mounting plugin PropertyAccessNode
LogPluginManager: Mounting plugin RiderSourceCodeAccess
LogPluginManager: Mounting plugin SubversionSourceControl
LogPluginManager: Mounting plugin TextureFormatOodle
LogPluginManager: Mounting plugin AutomationUtils
LogPluginManager: Mounting plugin VariantManagerContent
LogPluginManager: Mounting plugin UObjectPlugin
LogPluginManager: Mounting plugin VisualStudioCodeSourceCodeAccess
LogPluginManager: Mounting plugin BackChannel
LogPluginManager: Mounting plugin VisualStudioSourceCodeAccess
LogPluginManager: Mounting plugin XCodeSourceCodeAccess
LogPluginManager: Mounting plugin ChaosCloth
LogPluginManager: Mounting plugin ChaosClothEditor
LogPluginManager: Mounting plugin ChaosNiagara
LogPluginManager: Mounting plugin ChaosEditor
LogPluginManager: Mounting plugin ChaosSolverPlugin
LogPluginManager: Mounting plugin LuminPlatformFeatures
LogPluginManager: Mounting plugin MagicLeap
LogPluginManager: Mounting plugin MagicLeapLightEstimation
LogPluginManager: Mounting plugin MagicLeapMedia
LogPluginManager: Mounting plugin MagicLeapPassableWorld
LogPluginManager: Mounting plugin MLSDK
LogPluginManager: Mounting plugin AndroidMedia
LogPluginManager: Mounting plugin AvfMedia
LogPluginManager: Mounting plugin ImgMedia
LogPluginManager: Mounting plugin MediaCompositing
LogPluginManager: Mounting plugin MediaPlayerEditor
LogPluginManager: Mounting plugin WmfMedia
LogPluginManager: Mounting plugin WebMMedia
LogPluginManager: Mounting plugin ActorSequence
LogPluginManager: Mounting plugin LevelSequenceEditor
LogPluginManager: Mounting plugin MatineeToLevelSequence
LogPluginManager: Mounting plugin TemplateSequence
LogPluginManager: Mounting plugin TcpMessaging
LogPluginManager: Mounting plugin UdpMessaging
LogPluginManager: Mounting plugin OnlineSubsystem
LogPluginManager: Mounting plugin OnlineSubsystemNull
LogPluginManager: Mounting plugin OnlineSubsystemUtils
LogPluginManager: Mounting plugin ActorLayerUtilities
LogPluginManager: Mounting plugin AndroidDeviceProfileSelector
LogPluginManager: Mounting plugin AndroidMoviePlayer
LogPluginManager: Mounting plugin AndroidPermission
LogPluginManager: Mounting plugin LauncherChunkInstaller
LogPluginManager: Mounting plugin AppleImageUtils
LogPluginManager: Mounting plugin ArchVisCharacter
LogPluginManager: Mounting plugin AppleMoviePlayer
LogPluginManager: Mounting plugin AssetTags
LogPluginManager: Mounting plugin AudioCapture
LogPluginManager: Mounting plugin AudioSynesthesia
LogPluginManager: Mounting plugin CableComponent
LogPluginManager: Mounting plugin ChunkDownloader
LogPluginManager: Mounting plugin CustomMeshComponent
LogPluginManager: Mounting plugin ExampleDeviceProfileSelector
LogPluginManager: Mounting plugin EditableMesh
LogPluginManager: Mounting plugin GoogleCloudMessaging
LogPluginManager: Mounting plugin GooglePAD
LogPluginManager: Mounting plugin IOSDeviceProfileSelector
LogPluginManager: Mounting plugin LinuxDeviceProfileSelector
LogPluginManager: Mounting plugin LocationServicesBPLibrary
LogPluginManager: Mounting plugin MobilePatchingUtils
LogPluginManager: Mounting plugin OpenXR
LogPluginManager: Mounting plugin OpenXREyeTracker
LogPluginManager: Mounting plugin OpenXRHandTracking
LogPluginManager: Mounting plugin PhysXVehicles
LogPluginManager: Mounting plugin ScreenshotTools
LogPluginManager: Mounting plugin Takes
LogPluginManager: Mounting plugin ProceduralMeshComponent
LogPluginManager: Mounting plugin PropertyAccessEditor
LogPluginManager: Mounting plugin SignificanceManager
LogPluginManager: Mounting plugin RuntimePhysXCooking
LogPluginManager: Mounting plugin PostSplashScreen
LogPluginManager: Mounting plugin SoundFields
LogPluginManager: Mounting plugin Synthesis
LogPluginManager: Mounting plugin WebMMoviePlayer
LogPluginManager: Mounting plugin WindowsMoviePlayer
LogPluginManager: Mounting plugin CharacterAI
LogPluginManager: Mounting plugin GeometryCache
LogPluginManager: Mounting plugin GeometryCollectionPlugin
LogPluginManager: Mounting plugin Niagara
LogPluginManager: Mounting plugin GeometryProcessing
LogPluginManager: Mounting plugin MotoSynth
LogPluginManager: Mounting plugin PlanarCut
LogPluginManager: Mounting plugin OpenImageDenoise
LogPluginManager: Mounting plugin PlatformCrypto
LogPluginManager: Mounting plugin ProxyLODPlugin
LogPluginManager: Mounting plugin PythonScriptPlugin
LogPluginManager: Mounting plugin SkeletalReduction
LogPluginManager: Mounting plugin ContentBrowserClassDataSource
LogPluginManager: Mounting plugin ContentBrowserAssetDataSource
LogPluginManager: Mounting plugin ContentBrowserFileDataSource
LogPluginManager: Mounting plugin OnlineSubsystemGooglePlay
LogPluginManager: Mounting plugin OnlineSubsystemIOS
LogPluginManager: Mounting plugin OculusVR
LogPluginManager: Mounting plugin SteamVR
PixWinPlugin: PIX capture plugin failed to initialize! Check that the process is launched from PIX.
LogInit: Using libcurl 7.55.1-DEV
LogInit:  - built for x86_64-pc-win32
LogInit:  - supports SSL with OpenSSL/1.1.1
LogInit:  - supports HTTP deflate (compression) using libz 1.2.8
LogInit:  - other features:
LogInit:      CURL_VERSION_SSL
LogInit:      CURL_VERSION_LIBZ
LogInit:      CURL_VERSION_IPV6
LogInit:      CURL_VERSION_ASYNCHDNS
LogInit:      CURL_VERSION_LARGEFILE
LogInit:      CURL_VERSION_IDN
LogInit:  CurlRequestOptions (configurable via config and command line):
LogInit:  - bVerifyPeer = true  - Libcurl will verify peer certificate
LogInit:  - bUseHttpProxy = false  - Libcurl will NOT use HTTP proxy
LogInit:  - bDontReuseConnections = false  - Libcurl will reuse connections
LogInit:  - MaxHostConnections = 16  - Libcurl will limit the number of connections to a host
LogInit:  - LocalHostAddr = Default
LogInit:  - BufferSize = 65536
LogOnline: OSS: Creating online subsystem instance for: NULL
LogInit: WinSock: version 1.1 (2.2), MaxSocks=32767, MaxUdp=65467
LogOnline: OSS: TryLoadSubsystemAndSetDefault: Loaded subsystem for module [NULL]
LogOculusPluginWrapper: OculusPlugin initialized successfully
LogHMD: Failed initializing OVRPlugin 1.59.0
LogInit: Build: ++UE4+Release-4.27-CL-18319896
LogInit: Engine Version: 4.27.2-18319896+++UE4+Release-4.27
LogInit: Compatible Engine Version: 4.27.0-17155196+++UE4+Release-4.27
LogInit: Net CL: 17155196
LogInit: OS: Windows 10 (Release 2009) (), CPU: Intel(R) Core(TM) i7-9750H CPU @ 2.60GHz, GPU: Intel(R) UHD Graphics 630
LogInit: Compiled (64-bit): Nov 30 2021 07:12:08
LogInit: Compiled with Visual C++: 19.24.28315.00
LogInit: Build Configuration: Development
LogInit: Branch Name: ++UE4+Release-4.27
LogInit: Command Line:  -EpicPortal -epicusername=cytherina -epicuserid=e879aac0184f4142ad52b4e024d34973 -epiclocale=en -epicsandboxid=ue
LogInit: Base Directory: D:/Unreal/UE_4.27/Engine/Binaries/Win64/
LogInit: Allocator: TBB
LogInit: Installed Engine Build: 1
LogDevObjectVersion: Number of dev versions registered: 29
LogDevObjectVersion:   Dev-Blueprints (B0D832E4-1F89-4F0D-ACCF-7EB736FD4AA2): 10
LogDevObjectVersion:   Dev-Build (E1C64328-A22C-4D53-A36C-8E866417BD8C): 0
LogDevObjectVersion:   Dev-Core (375EC13C-06E4-48FB-B500-84F0262A717E): 4
LogDevObjectVersion:   Dev-Editor (E4B068ED-F494-42E9-A231-DA0B2E46BB41): 40
LogDevObjectVersion:   Dev-Framework (CFFC743F-43B0-4480-9391-14DF171D2073): 37
LogDevObjectVersion:   Dev-Mobile (B02B49B5-BB20-44E9-A304-32B752E40360): 3
LogDevObjectVersion:   Dev-Networking (A4E4105C-59A1-49B5-A7C5-40C4547EDFEE): 0
LogDevObjectVersion:   Dev-Online (39C831C9-5AE6-47DC-9A44-9C173E1C8E7C): 0
LogDevObjectVersion:   Dev-Physics (78F01B33-EBEA-4F98-B9B4-84EACCB95AA2): 14
LogDevObjectVersion:   Dev-Platform (6631380F-2D4D-43E0-8009-CF276956A95A): 0
LogDevObjectVersion:   Dev-Rendering (12F88B9F-8875-4AFC-A67C-D90C383ABD29): 45
LogDevObjectVersion:   Dev-Sequencer (7B5AE74C-D270-4C10-A958-57980B212A5A): 13
LogDevObjectVersion:   Dev-VR (D7296918-1DD6-4BDD-9DE2-64A83CC13884): 3
LogDevObjectVersion:   Dev-LoadTimes (C2A15278-BFE7-4AFE-6C17-90FF531DF755): 1
LogDevObjectVersion:   Private-Geometry (6EACA3D4-40EC-4CC1-B786-8BED09428FC5): 3
LogDevObjectVersion:   Dev-AnimPhys (29E575DD-E0A3-4627-9D10-D276232CDCEA): 17
LogDevObjectVersion:   Dev-Anim (AF43A65D-7FD3-4947-9873-3E8ED9C1BB05): 15
LogDevObjectVersion:   Dev-ReflectionCapture (6B266CEC-1EC7-4B8F-A30B-E4D90942FC07): 1
LogDevObjectVersion:   Dev-Automation (0DF73D61-A23F-47EA-B727-89E90C41499A): 1
LogDevObjectVersion:   FortniteMain (601D1886-AC64-4F84-AA16-D3DE0DEAC7D6): 47
LogDevObjectVersion:   FortniteRelease (E7086368-6B23-4C58-8439-1B7016265E91): 1
LogDevObjectVersion:   Dev-Enterprise (9DFFBCD6-494F-0158-E221-12823C92A888): 10
LogDevObjectVersion:   Dev-Niagara (F2AED0AC-9AFE-416F-8664-AA7FFA26D6FC): 1
LogDevObjectVersion:   Dev-Destruction (174F1F0B-B4C6-45A5-B13F-2EE8D0FB917D): 10
LogDevObjectVersion:   Dev-Physics-Ext (35F94A83-E258-406C-A318-09F59610247C): 41
LogDevObjectVersion:   Dev-PhysicsMaterial-Chaos (B68FC16E-8B1B-42E2-B453-215C058844FE): 1
LogDevObjectVersion:   Dev-CineCamera (B2E18506-4273-CFC2-A54E-F4BB758BBA07): 1
LogDevObjectVersion:   Dev-VirtualProduction (64F58936-FD1B-42BA-BA96-7289D5D0FA4E): 1
LogDevObjectVersion:   Dev-MediaFramework (6F0ED827-A609-4895-9C91-998D90180EA4): 2
LogInit: Presizing for max 25165824 objects, including 0 objects not considered by GC, pre-allocating 0 bytes for permanent pool.
LogConfig: Applying CVar settings from Section [/Script/Engine.StreamingSettings] File [D:/Users/cythe/Documents/GitHub/SmolGame/SmolGame/Saved/Config/Windows/Engine.ini]
LogConfig: Setting CVar [[s.MinBulkDataSizeForAsyncLoading:131072]]
LogConfig: Setting CVar [[s.AsyncLoadingThreadEnabled:0]]
LogConfig: Setting CVar [[s.EventDrivenLoaderEnabled:1]]
LogConfig: Setting CVar [[s.WarnIfTimeLimitExceeded:0]]
LogConfig: Setting CVar [[s.TimeLimitExceededMultiplier:1.5]]
LogConfig: Setting CVar [[s.TimeLimitExceededMinTime:0.005]]
LogConfig: Setting CVar [[s.UseBackgroundLevelStreaming:1]]
LogConfig: Setting CVar [[s.PriorityAsyncLoadingExtraTime:15.0]]
LogConfig: Setting CVar [[s.LevelStreamingActorsUpdateTimeLimit:5.0]]
LogConfig: Setting CVar [[s.PriorityLevelStreamingActorsUpdateExtraTime:5.0]]
LogConfig: Setting CVar [[s.LevelStreamingComponentsRegistrationGranularity:10]]
LogConfig: Setting CVar [[s.UnregisterComponentsTimeLimit:1.0]]
LogConfig: Setting CVar [[s.LevelStreamingComponentsUnregistrationGranularity:5]]
LogConfig: Setting CVar [[s.FlushStreamingOnExit:1]]
LogInit: Object subsystem initialized
LogConfig: Setting CVar [[con.DebugEarlyDefault:1]]
LogConfig: Setting CVar [[r.setres:1280x720]]
[2022.02.12-18.29.31:683][  0]LogConfig: Setting CVar [[r.VSync:0]]
[2022.02.12-18.29.31:683][  0]LogConfig: Setting CVar [[r.RHICmdBypass:0]]
[2022.02.12-18.29.31:683][  0]LogConfig: Applying CVar settings from Section [/Script/Engine.RendererSettings] File [D:/Users/cythe/Documents/GitHub/SmolGame/SmolGame/Saved/Config/Windows/Engine.ini]
[2022.02.12-18.29.31:683][  0]LogConfig: Setting CVar [[r.GPUCrashDebugging:0]]
[2022.02.12-18.29.31:683][  0]LogConfig: Applying CVar settings from Section [/Script/Engine.RendererOverrideSettings] File [D:/Users/cythe/Documents/GitHub/SmolGame/SmolGame/Saved/Config/Windows/Engine.ini]
[2022.02.12-18.29.31:683][  0]LogConfig: Applying CVar settings from Section [/Script/Engine.StreamingSettings] File [D:/Users/cythe/Documents/GitHub/SmolGame/SmolGame/Saved/Config/Windows/Engine.ini]
[2022.02.12-18.29.31:683][  0]LogConfig: Setting CVar [[s.MinBulkDataSizeForAsyncLoading:131072]]
[2022.02.12-18.29.31:683][  0]LogConfig: Setting CVar [[s.AsyncLoadingThreadEnabled:0]]
[2022.02.12-18.29.31:683][  0]LogConfig: Setting CVar [[s.EventDrivenLoaderEnabled:1]]
[2022.02.12-18.29.31:683][  0]LogConfig: Setting CVar [[s.WarnIfTimeLimitExceeded:0]]
[2022.02.12-18.29.31:683][  0]LogConfig: Setting CVar [[s.TimeLimitExceededMultiplier:1.5]]
[2022.02.12-18.29.31:683][  0]LogConfig: Setting CVar [[s.TimeLimitExceededMinTime:0.005]]
[2022.02.12-18.29.31:683][  0]LogConfig: Setting CVar [[s.UseBackgroundLevelStreaming:1]]
[2022.02.12-18.29.31:683][  0]LogConfig: Setting CVar [[s.PriorityAsyncLoadingExtraTime:15.0]]
[2022.02.12-18.29.31:683][  0]LogConfig: Setting CVar [[s.LevelStreamingActorsUpdateTimeLimit:5.0]]
[2022.02.12-18.29.31:683][  0]LogConfig: Setting CVar [[s.PriorityLevelStreamingActorsUpdateExtraTime:5.0]]
[2022.02.12-18.29.31:683][  0]LogConfig: Setting CVar [[s.LevelStreamingComponentsRegistrationGranularity:10]]
[2022.02.12-18.29.31:683][  0]LogConfig: Setting CVar [[s.UnregisterComponentsTimeLimit:1.0]]
[2022.02.12-18.29.31:683][  0]LogConfig: Setting CVar [[s.LevelStreamingComponentsUnregistrationGranularity:5]]
[2022.02.12-18.29.31:683][  0]LogConfig: Setting CVar [[s.FlushStreamingOnExit:1]]
[2022.02.12-18.29.31:683][  0]LogConfig: Applying CVar settings from Section [/Script/Engine.GarbageCollectionSettings] File [D:/Users/cythe/Documents/GitHub/SmolGame/SmolGame/Saved/Config/Windows/Engine.ini]
[2022.02.12-18.29.31:683][  0]LogConfig: Setting CVar [[gc.MaxObjectsNotConsideredByGC:1]]
[2022.02.12-18.29.31:683][  0]LogConfig: Setting CVar [[gc.SizeOfPermanentObjectPool:0]]
[2022.02.12-18.29.31:683][  0]LogConfig: Setting CVar [[gc.FlushStreamingOnGC:0]]
[2022.02.12-18.29.31:683][  0]LogConfig: Setting CVar [[gc.NumRetriesBeforeForcingGC:10]]
[2022.02.12-18.29.31:683][  0]LogConfig: Setting CVar [[gc.AllowParallelGC:1]]
[2022.02.12-18.29.31:683][  0]LogConfig: Setting CVar [[gc.TimeBetweenPurgingPendingKillObjects:61.1]]
[2022.02.12-18.29.31:683][  0]LogConfig: Setting CVar [[gc.MaxObjectsInEditor:25165824]]
[2022.02.12-18.29.31:683][  0]LogConfig: Setting CVar [[gc.IncrementalBeginDestroyEnabled:1]]
[2022.02.12-18.29.31:683][  0]LogConfig: Setting CVar [[gc.CreateGCClusters:1]]
[2022.02.12-18.29.31:683][  0]LogConfig: Setting CVar [[gc.MinGCClusterSize:5]]
[2022.02.12-18.29.31:683][  0]LogConfig: Setting CVar [[gc.ActorClusteringEnabled:0]]
[2022.02.12-18.29.31:683][  0]LogConfig: Setting CVar [[gc.BlueprintClusteringEnabled:0]]
[2022.02.12-18.29.31:683][  0]LogConfig: Setting CVar [[gc.UseDisregardForGCOnDedicatedServers:0]]
[2022.02.12-18.29.31:683][  0]LogConfig: Setting CVar [[gc.MultithreadedDestructionEnabled:1]]
[2022.02.12-18.29.31:683][  0]LogConfig: Applying CVar settings from Section [/Script/Engine.NetworkSettings] File [D:/Users/cythe/Documents/GitHub/SmolGame/SmolGame/Saved/Config/Windows/Engine.ini]
[2022.02.12-18.29.31:683][  0]LogConfig: Applying CVar settings from Section [/Script/UnrealEd.CookerSettings] File [D:/Users/cythe/Documents/GitHub/SmolGame/SmolGame/Saved/Config/Windows/Engine.ini]
[2022.02.12-18.29.31:694][  0]LogConfig: Applying CVar settings from Section [ViewDistanceQuality@3] File [D:/Users/cythe/Documents/GitHub/SmolGame/SmolGame/Saved/Config/Windows/Scalability.ini]
[2022.02.12-18.29.31:694][  0]LogConfig: Setting CVar [[r.SkeletalMeshLODBias:0]]
[2022.02.12-18.29.31:694][  0]LogConfig: Setting CVar [[r.ViewDistanceScale:1.0]]
[2022.02.12-18.29.31:694][  0]LogConfig: Applying CVar settings from Section [AntiAliasingQuality@3] File [D:/Users/cythe/Documents/GitHub/SmolGame/SmolGame/Saved/Config/Windows/Scalability.ini]
[2022.02.12-18.29.31:694][  0]LogConfig: Setting CVar [[r.PostProcessAAQuality:4]]
[2022.02.12-18.29.31:694][  0]LogConfig: Applying CVar settings from Section [ShadowQuality@3] File [D:/Users/cythe/Documents/GitHub/SmolGame/SmolGame/Saved/Config/Windows/Scalability.ini]
[2022.02.12-18.29.31:694][  0]LogConfig: Setting CVar [[r.LightFunctionQuality:1]]
[2022.02.12-18.29.31:694][  0]LogConfig: Setting CVar [[r.ShadowQuality:5]]
[2022.02.12-18.29.31:694][  0]LogConfig: Setting CVar [[r.Shadow.CSM.MaxCascades:10]]
[2022.02.12-18.29.31:694][  0]LogConfig: Setting CVar [[r.Shadow.MaxResolution:2048]]
[2022.02.12-18.29.31:694][  0]LogConfig: Setting CVar [[r.Shadow.MaxCSMResolution:2048]]
[2022.02.12-18.29.31:694][  0]LogConfig: Setting CVar [[r.Shadow.RadiusThreshold:0.01]]
[2022.02.12-18.29.31:694][  0]LogConfig: Setting CVar [[r.Shadow.DistanceScale:1.0]]
[2022.02.12-18.29.31:694][  0]LogConfig: Setting CVar [[r.Shadow.CSM.TransitionScale:1.0]]
[2022.02.12-18.29.31:694][  0]LogConfig: Setting CVar [[r.Shadow.PreShadowResolutionFactor:1.0]]
[2022.02.12-18.29.31:694][  0]LogConfig: Setting CVar [[r.DistanceFieldShadowing:1]]
[2022.02.12-18.29.31:694][  0]LogConfig: Setting CVar [[r.DistanceFieldAO:1]]
[2022.02.12-18.29.31:694][  0]LogConfig: Setting CVar [[r.AOQuality:2]]
[2022.02.12-18.29.31:694][  0]LogConfig: Setting CVar [[r.VolumetricFog:1]]
[2022.02.12-18.29.31:694][  0]LogConfig: Setting CVar [[r.VolumetricFog.GridPixelSize:8]]
[2022.02.12-18.29.31:694][  0]LogConfig: Setting CVar [[r.VolumetricFog.GridSizeZ:128]]
[2022.02.12-18.29.31:694][  0]LogConfig: Setting CVar [[r.VolumetricFog.HistoryMissSupersampleCount:4]]
[2022.02.12-18.29.31:694][  0]LogConfig: Setting CVar [[r.LightMaxDrawDistanceScale:1]]
[2022.02.12-18.29.31:694][  0]LogConfig: Setting CVar [[r.CapsuleShadows:1]]
[2022.02.12-18.29.31:694][  0]LogConfig: Applying CVar settings from Section [PostProcessQuality@3] File [D:/Users/cythe/Documents/GitHub/SmolGame/SmolGame/Saved/Config/Windows/Scalability.ini]
[2022.02.12-18.29.31:694][  0]LogConfig: Setting CVar [[r.MotionBlurQuality:4]]
[2022.02.12-18.29.31:694][  0]LogConfig: Setting CVar [[r.AmbientOcclusionMipLevelFactor:0.4]]
[2022.02.12-18.29.31:694][  0]LogConfig: Setting CVar [[r.AmbientOcclusionMaxQuality:100]]
[2022.02.12-18.29.31:694][  0]LogConfig: Setting CVar [[r.AmbientOcclusionLevels:-1]]
[2022.02.12-18.29.31:694][  0]LogConfig: Setting CVar [[r.AmbientOcclusionRadiusScale:1.0]]
[2022.02.12-18.29.31:694][  0]LogConfig: Setting CVar [[r.DepthOfFieldQuality:2]]
[2022.02.12-18.29.31:694][  0]LogConfig: Setting CVar [[r.RenderTargetPoolMin:400]]
[2022.02.12-18.29.31:694][  0]LogConfig: Setting CVar [[r.LensFlareQuality:2]]
[2022.02.12-18.29.31:694][  0]LogConfig: Setting CVar [[r.SceneColorFringeQuality:1]]
[2022.02.12-18.29.31:694][  0]LogConfig: Setting CVar [[r.EyeAdaptationQuality:2]]
[2022.02.12-18.29.31:694][  0]LogConfig: Setting CVar [[r.BloomQuality:5]]
[2022.02.12-18.29.31:694][  0]LogConfig: Setting CVar [[r.FastBlurThreshold:100]]
[2022.02.12-18.29.31:694][  0]LogConfig: Setting CVar [[r.Upscale.Quality:3]]
[2022.02.12-18.29.31:694][  0]LogConfig: Setting CVar [[r.Tonemapper.GrainQuantization:1]]
[2022.02.12-18.29.31:694][  0]LogConfig: Setting CVar [[r.LightShaftQuality:1]]
[2022.02.12-18.29.31:694][  0]LogConfig: Setting CVar [[r.Filter.SizeScale:1]]
[2022.02.12-18.29.31:694][  0]LogConfig: Setting CVar [[r.Tonemapper.Quality:5]]
[2022.02.12-18.29.31:694][  0]LogConfig: Setting CVar [[r.DOF.Gather.AccumulatorQuality:1        ; higher gathering accumulator quality]]
[2022.02.12-18.29.31:694][  0]LogConfig: Setting CVar [[r.DOF.Gather.PostfilterMethod:1          ; Median3x3 postfilering method]]
[2022.02.12-18.29.31:694][  0]LogConfig: Setting CVar [[r.DOF.Gather.EnableBokehSettings:0       ; no bokeh simulation when gathering]]
[2022.02.12-18.29.31:694][  0]LogConfig: Setting CVar [[r.DOF.Gather.RingCount:4                 ; medium number of samples when gathering]]
[2022.02.12-18.29.31:694][  0]LogConfig: Setting CVar [[r.DOF.Scatter.ForegroundCompositing:1    ; additive foreground scattering]]
[2022.02.12-18.29.31:694][  0]LogConfig: Setting CVar [[r.DOF.Scatter.BackgroundCompositing:2    ; additive background scattering]]
[2022.02.12-18.29.31:694][  0]LogConfig: Setting CVar [[r.DOF.Scatter.EnableBokehSettings:1      ; bokeh simulation when scattering]]
[2022.02.12-18.29.31:694][  0]LogConfig: Setting CVar [[r.DOF.Scatter.MaxSpriteRatio:0.1         ; only a maximum of 10% of scattered bokeh]]
[2022.02.12-18.29.31:694][  0]LogConfig: Setting CVar [[r.DOF.Recombine.Quality:1                ; cheap slight out of focus]]
[2022.02.12-18.29.31:694][  0]LogConfig: Setting CVar [[r.DOF.Recombine.EnableBokehSettings:0    ; no bokeh simulation on slight out of focus]]
[2022.02.12-18.29.31:694][  0]LogConfig: Setting CVar [[r.DOF.TemporalAAQuality:1                ; more stable temporal accumulation]]
[2022.02.12-18.29.31:694][  0]LogConfig: Setting CVar [[r.DOF.Kernel.MaxForegroundRadius:0.025]]
[2022.02.12-18.29.31:694][  0]LogConfig: Setting CVar [[r.DOF.Kernel.MaxBackgroundRadius:0.025]]
[2022.02.12-18.29.31:694][  0]LogConfig: Applying CVar settings from Section [TextureQuality@3] File [D:/Users/cythe/Documents/GitHub/SmolGame/SmolGame/Saved/Config/Windows/Scalability.ini]
[2022.02.12-18.29.31:694][  0]LogConfig: Setting CVar [[r.Streaming.MipBias:0]]
[2022.02.12-18.29.31:694][  0]LogConfig: Setting CVar [[r.Streaming.AmortizeCPUToGPUCopy:0]]
[2022.02.12-18.29.31:694][  0]LogConfig: Setting CVar [[r.Streaming.MaxNumTexturesToStreamPerFrame:0]]
[2022.02.12-18.29.31:694][  0]LogConfig: Setting CVar [[r.Streaming.Boost:1]]
[2022.02.12-18.29.31:694][  0]LogConfig: Setting CVar [[r.MaxAnisotropy:8]]
[2022.02.12-18.29.31:694][  0]LogConfig: Setting CVar [[r.VT.MaxAnisotropy:8]]
[2022.02.12-18.29.31:694][  0]LogConfig: Setting CVar [[r.Streaming.LimitPoolSizeToVRAM:0]]
[2022.02.12-18.29.31:694][  0]LogConfig: Setting CVar [[r.Streaming.PoolSize:1000]]
[2022.02.12-18.29.31:694][  0]LogConfig: Setting CVar [[r.Streaming.MaxEffectiveScreenSize:0]]
[2022.02.12-18.29.31:694][  0]LogConfig: Applying CVar settings from Section [EffectsQuality@3] File [D:/Users/cythe/Documents/GitHub/SmolGame/SmolGame/Saved/Config/Windows/Scalability.ini]
[2022.02.12-18.29.31:694][  0]LogConfig: Setting CVar [[r.TranslucencyLightingVolumeDim:64]]
[2022.02.12-18.29.31:694][  0]LogConfig: Setting CVar [[r.RefractionQuality:2]]
[2022.02.12-18.29.31:694][  0]LogConfig: Setting CVar [[r.SSR.Quality:3]]
[2022.02.12-18.29.31:694][  0]LogConfig: Setting CVar [[r.SSR.HalfResSceneColor:0]]
[2022.02.12-18.29.31:694][  0]LogConfig: Setting CVar [[r.SceneColorFormat:4]]
[2022.02.12-18.29.31:695][  0]LogConfig: Setting CVar [[r.DetailMode:2]]
[2022.02.12-18.29.31:695][  0]LogConfig: Setting CVar [[r.TranslucencyVolumeBlur:1]]
[2022.02.12-18.29.31:695][  0]LogConfig: Setting CVar [[r.MaterialQualityLevel:1 ; High quality]]
[2022.02.12-18.29.31:695][  0]LogConfig: Setting CVar [[r.AnisotropicMaterials:1]]
[2022.02.12-18.29.31:695][  0]LogConfig: Setting CVar [[r.SSS.Scale:1]]
[2022.02.12-18.29.31:695][  0]LogConfig: Setting CVar [[r.SSS.SampleSet:2]]
[2022.02.12-18.29.31:695][  0]LogConfig: Setting CVar [[r.SSS.Quality:1]]
[2022.02.12-18.29.31:695][  0]LogConfig: Setting CVar [[r.SSS.HalfRes:0]]
[2022.02.12-18.29.31:695][  0]LogConfig: Setting CVar [[r.SSGI.Quality:3]]
[2022.02.12-18.29.31:695][  0]LogConfig: Setting CVar [[r.EmitterSpawnRateScale:1.0]]
[2022.02.12-18.29.31:695][  0]LogConfig: Setting CVar [[r.ParticleLightQuality:2]]
[2022.02.12-18.29.31:695][  0]LogConfig: Setting CVar [[r.SkyAtmosphere.AerialPerspectiveLUT.FastApplyOnOpaque:1 ; Always have FastSkyLUT 1 in this case to avoid wrong sky]]
[2022.02.12-18.29.31:695][  0]LogConfig: Setting CVar [[r.SkyAtmosphere.AerialPerspectiveLUT.SampleCountMaxPerSlice:4]]
[2022.02.12-18.29.31:695][  0]LogConfig: Setting CVar [[r.SkyAtmosphere.AerialPerspectiveLUT.DepthResolution:16.0]]
[2022.02.12-18.29.31:695][  0]LogConfig: Setting CVar [[r.SkyAtmosphere.FastSkyLUT:1]]
[2022.02.12-18.29.31:695][  0]LogConfig: Setting CVar [[r.SkyAtmosphere.FastSkyLUT.SampleCountMin:4.0]]
[2022.02.12-18.29.31:695][  0]LogConfig: Setting CVar [[r.SkyAtmosphere.FastSkyLUT.SampleCountMax:128.0]]
[2022.02.12-18.29.31:695][  0]LogConfig: Setting CVar [[r.SkyAtmosphere.SampleCountMin:4.0]]
[2022.02.12-18.29.31:695][  0]LogConfig: Setting CVar [[r.SkyAtmosphere.SampleCountMax:128.0]]
[2022.02.12-18.29.31:695][  0]LogConfig: Setting CVar [[r.SkyAtmosphere.TransmittanceLUT.UseSmallFormat:0]]
[2022.02.12-18.29.31:695][  0]LogConfig: Setting CVar [[r.SkyAtmosphere.TransmittanceLUT.SampleCount:10.0]]
[2022.02.12-18.29.31:695][  0]LogConfig: Setting CVar [[r.SkyAtmosphere.MultiScatteringLUT.SampleCount:15.0]]
[2022.02.12-18.29.31:695][  0]LogConfig: Setting CVar [[r.SkyLight.RealTimeReflectionCapture:1]]
[2022.02.12-18.29.31:695][  0]LogConfig: Applying CVar settings from Section [FoliageQuality@3] File [D:/Users/cythe/Documents/GitHub/SmolGame/SmolGame/Saved/Config/Windows/Scalability.ini]
[2022.02.12-18.29.31:695][  0]LogConfig: Setting CVar [[foliage.DensityScale:1.0]]
[2022.02.12-18.29.31:695][  0]LogConfig: Setting CVar [[grass.DensityScale:1.0]]
[2022.02.12-18.29.31:695][  0]LogConfig: Applying CVar settings from Section [ShadingQuality@3] File [D:/Users/cythe/Documents/GitHub/SmolGame/SmolGame/Saved/Config/Windows/Scalability.ini]
[2022.02.12-18.29.31:695][  0]LogConfig: Setting CVar [[r.HairStrands.SkyLighting.IntegrationType:2]]
[2022.02.12-18.29.31:695][  0]LogConfig: Setting CVar [[r.HairStrands.SkyAO.SampleCount:4]]
[2022.02.12-18.29.31:695][  0]LogConfig: Setting CVar [[r.HairStrands.Visibility.MSAA.SamplePerPixel:4]]
[2022.02.12-18.29.31:695][  0]LogInit: Selected Device Profile: [Windows]
[2022.02.12-18.29.31:695][  0]LogInit: Applying CVar settings loaded from the selected device profile: [Windows]
[2022.02.12-18.29.31:695][  0]LogHAL: Display: Platform has ~ 16 GB [17022177280 / 17179869184 / 16], which maps to Larger [LargestMinGB=32, LargerMinGB=12, DefaultMinGB=8, SmallerMinGB=6, SmallestMinGB=0)
[2022.02.12-18.29.31:695][  0]LogInit: Going up to parent DeviceProfile []
[2022.02.12-18.29.31:695][  0]LogConfig: Applying CVar settings from Section [ViewDistanceQuality@3] File [D:/Users/cythe/Documents/GitHub/SmolGame/SmolGame/Saved/Config/Windows/Scalability.ini]
[2022.02.12-18.29.31:695][  0]LogConfig: Setting CVar [[r.SkeletalMeshLODBias:0]]
[2022.02.12-18.29.31:695][  0]LogConfig: Setting CVar [[r.ViewDistanceScale:1.0]]
[2022.02.12-18.29.31:695][  0]LogConfig: Applying CVar settings from Section [AntiAliasingQuality@3] File [D:/Users/cythe/Documents/GitHub/SmolGame/SmolGame/Saved/Config/Windows/Scalability.ini]
[2022.02.12-18.29.31:695][  0]LogConfig: Setting CVar [[r.PostProcessAAQuality:4]]
[2022.02.12-18.29.31:695][  0]LogConfig: Applying CVar settings from Section [ShadowQuality@3] File [D:/Users/cythe/Documents/GitHub/SmolGame/SmolGame/Saved/Config/Windows/Scalability.ini]
[2022.02.12-18.29.31:695][  0]LogConfig: Setting CVar [[r.LightFunctionQuality:1]]
[2022.02.12-18.29.31:695][  0]LogConfig: Setting CVar [[r.ShadowQuality:5]]
[2022.02.12-18.29.31:695][  0]LogConfig: Setting CVar [[r.Shadow.CSM.MaxCascades:10]]
[2022.02.12-18.29.31:695][  0]LogConfig: Setting CVar [[r.Shadow.MaxResolution:2048]]
[2022.02.12-18.29.31:695][  0]LogConfig: Setting CVar [[r.Shadow.MaxCSMResolution:2048]]
[2022.02.12-18.29.31:695][  0]LogConfig: Setting CVar [[r.Shadow.RadiusThreshold:0.01]]
[2022.02.12-18.29.31:695][  0]LogConfig: Setting CVar [[r.Shadow.DistanceScale:1.0]]
[2022.02.12-18.29.31:695][  0]LogConfig: Setting CVar [[r.Shadow.CSM.TransitionScale:1.0]]
[2022.02.12-18.29.31:695][  0]LogConfig: Setting CVar [[r.Shadow.PreShadowResolutionFactor:1.0]]
[2022.02.12-18.29.31:695][  0]LogConfig: Setting CVar [[r.DistanceFieldShadowing:1]]
[2022.02.12-18.29.31:695][  0]LogConfig: Setting CVar [[r.DistanceFieldAO:1]]
[2022.02.12-18.29.31:695][  0]LogConfig: Setting CVar [[r.AOQuality:2]]
[2022.02.12-18.29.31:695][  0]LogConfig: Setting CVar [[r.VolumetricFog:1]]
[2022.02.12-18.29.31:695][  0]LogConfig: Setting CVar [[r.VolumetricFog.GridPixelSize:8]]
[2022.02.12-18.29.31:695][  0]LogConfig: Setting CVar [[r.VolumetricFog.GridSizeZ:128]]
[2022.02.12-18.29.31:695][  0]LogConfig: Setting CVar [[r.VolumetricFog.HistoryMissSupersampleCount:4]]
[2022.02.12-18.29.31:695][  0]LogConfig: Setting CVar [[r.LightMaxDrawDistanceScale:1]]
[2022.02.12-18.29.31:695][  0]LogConfig: Setting CVar [[r.CapsuleShadows:1]]
[2022.02.12-18.29.31:695][  0]LogConfig: Applying CVar settings from Section [PostProcessQuality@3] File [D:/Users/cythe/Documents/GitHub/SmolGame/SmolGame/Saved/Config/Windows/Scalability.ini]
[2022.02.12-18.29.31:695][  0]LogConfig: Setting CVar [[r.MotionBlurQuality:4]]
[2022.02.12-18.29.31:695][  0]LogConfig: Setting CVar [[r.AmbientOcclusionMipLevelFactor:0.4]]
[2022.02.12-18.29.31:695][  0]LogConfig: Setting CVar [[r.AmbientOcclusionMaxQuality:100]]
[2022.02.12-18.29.31:695][  0]LogConfig: Setting CVar [[r.AmbientOcclusionLevels:-1]]
[2022.02.12-18.29.31:695][  0]LogConfig: Setting CVar [[r.AmbientOcclusionRadiusScale:1.0]]
[2022.02.12-18.29.31:695][  0]LogConfig: Setting CVar [[r.DepthOfFieldQuality:2]]
[2022.02.12-18.29.31:695][  0]LogConfig: Setting CVar [[r.RenderTargetPoolMin:400]]
[2022.02.12-18.29.31:695][  0]LogConfig: Setting CVar [[r.LensFlareQuality:2]]
[2022.02.12-18.29.31:695][  0]LogConfig: Setting CVar [[r.SceneColorFringeQuality:1]]
[2022.02.12-18.29.31:695][  0]LogConfig: Setting CVar [[r.EyeAdaptationQuality:2]]
[2022.02.12-18.29.31:695][  0]LogConfig: Setting CVar [[r.BloomQuality:5]]
[2022.02.12-18.29.31:695][  0]LogConfig: Setting CVar [[r.FastBlurThreshold:100]]
[2022.02.12-18.29.31:695][  0]LogConfig: Setting CVar [[r.Upscale.Quality:3]]
[2022.02.12-18.29.31:695][  0]LogConfig: Setting CVar [[r.Tonemapper.GrainQuantization:1]]
[2022.02.12-18.29.31:695][  0]LogConfig: Setting CVar [[r.LightShaftQuality:1]]
[2022.02.12-18.29.31:695][  0]LogConfig: Setting CVar [[r.Filter.SizeScale:1]]
[2022.02.12-18.29.31:695][  0]LogConfig: Setting CVar [[r.Tonemapper.Quality:5]]
[2022.02.12-18.29.31:695][  0]LogConfig: Setting CVar [[r.DOF.Gather.AccumulatorQuality:1        ; higher gathering accumulator quality]]
[2022.02.12-18.29.31:695][  0]LogConfig: Setting CVar [[r.DOF.Gather.PostfilterMethod:1          ; Median3x3 postfilering method]]
[2022.02.12-18.29.31:695][  0]LogConfig: Setting CVar [[r.DOF.Gather.EnableBokehSettings:0       ; no bokeh simulation when gathering]]
[2022.02.12-18.29.31:696][  0]LogConfig: Setting CVar [[r.DOF.Gather.RingCount:4                 ; medium number of samples when gathering]]
[2022.02.12-18.29.31:696][  0]LogConfig: Setting CVar [[r.DOF.Scatter.ForegroundCompositing:1    ; additive foreground scattering]]
[2022.02.12-18.29.31:696][  0]LogConfig: Setting CVar [[r.DOF.Scatter.BackgroundCompositing:2    ; additive background scattering]]
[2022.02.12-18.29.31:696][  0]LogConfig: Setting CVar [[r.DOF.Scatter.EnableBokehSettings:1      ; bokeh simulation when scattering]]
[2022.02.12-18.29.31:696][  0]LogConfig: Setting CVar [[r.DOF.Scatter.MaxSpriteRatio:0.1         ; only a maximum of 10% of scattered bokeh]]
[2022.02.12-18.29.31:696][  0]LogConfig: Setting CVar [[r.DOF.Recombine.Quality:1                ; cheap slight out of focus]]
[2022.02.12-18.29.31:696][  0]LogConfig: Setting CVar [[r.DOF.Recombine.EnableBokehSettings:0    ; no bokeh simulation on slight out of focus]]
[2022.02.12-18.29.31:696][  0]LogConfig: Setting CVar [[r.DOF.TemporalAAQuality:1                ; more stable temporal accumulation]]
[2022.02.12-18.29.31:696][  0]LogConfig: Setting CVar [[r.DOF.Kernel.MaxForegroundRadius:0.025]]
[2022.02.12-18.29.31:696][  0]LogConfig: Setting CVar [[r.DOF.Kernel.MaxBackgroundRadius:0.025]]
[2022.02.12-18.29.31:696][  0]LogConfig: Applying CVar settings from Section [TextureQuality@3] File [D:/Users/cythe/Documents/GitHub/SmolGame/SmolGame/Saved/Config/Windows/Scalability.ini]
[2022.02.12-18.29.31:696][  0]LogConfig: Setting CVar [[r.Streaming.MipBias:0]]
[2022.02.12-18.29.31:696][  0]LogConfig: Setting CVar [[r.Streaming.AmortizeCPUToGPUCopy:0]]
[2022.02.12-18.29.31:696][  0]LogConfig: Setting CVar [[r.Streaming.MaxNumTexturesToStreamPerFrame:0]]
[2022.02.12-18.29.31:696][  0]LogConfig: Setting CVar [[r.Streaming.Boost:1]]
[2022.02.12-18.29.31:696][  0]LogConfig: Setting CVar [[r.MaxAnisotropy:8]]
[2022.02.12-18.29.31:696][  0]LogConfig: Setting CVar [[r.VT.MaxAnisotropy:8]]
[2022.02.12-18.29.31:696][  0]LogConfig: Setting CVar [[r.Streaming.LimitPoolSizeToVRAM:0]]
[2022.02.12-18.29.31:696][  0]LogConfig: Setting CVar [[r.Streaming.PoolSize:1000]]
[2022.02.12-18.29.31:696][  0]LogConfig: Setting CVar [[r.Streaming.MaxEffectiveScreenSize:0]]
[2022.02.12-18.29.31:696][  0]LogConfig: Applying CVar settings from Section [EffectsQuality@3] File [D:/Users/cythe/Documents/GitHub/SmolGame/SmolGame/Saved/Config/Windows/Scalability.ini]
[2022.02.12-18.29.31:696][  0]LogConfig: Setting CVar [[r.TranslucencyLightingVolumeDim:64]]
[2022.02.12-18.29.31:696][  0]LogConfig: Setting CVar [[r.RefractionQuality:2]]
[2022.02.12-18.29.31:696][  0]LogConfig: Setting CVar [[r.SSR.Quality:3]]
[2022.02.12-18.29.31:696][  0]LogConfig: Setting CVar [[r.SSR.HalfResSceneColor:0]]
[2022.02.12-18.29.31:696][  0]LogConfig: Setting CVar [[r.SceneColorFormat:4]]
[2022.02.12-18.29.31:696][  0]LogConfig: Setting CVar [[r.DetailMode:2]]
[2022.02.12-18.29.31:696][  0]LogConfig: Setting CVar [[r.TranslucencyVolumeBlur:1]]
[2022.02.12-18.29.31:696][  0]LogConfig: Setting CVar [[r.MaterialQualityLevel:1 ; High quality]]
[2022.02.12-18.29.31:696][  0]LogConfig: Setting CVar [[r.AnisotropicMaterials:1]]
[2022.02.12-18.29.31:696][  0]LogConfig: Setting CVar [[r.SSS.Scale:1]]
[2022.02.12-18.29.31:696][  0]LogConfig: Setting CVar [[r.SSS.SampleSet:2]]
[2022.02.12-18.29.31:696][  0]LogConfig: Setting CVar [[r.SSS.Quality:1]]
[2022.02.12-18.29.31:696][  0]LogConfig: Setting CVar [[r.SSS.HalfRes:0]]
[2022.02.12-18.29.31:696][  0]LogConfig: Setting CVar [[r.SSGI.Quality:3]]
[2022.02.12-18.29.31:696][  0]LogConfig: Setting CVar [[r.EmitterSpawnRateScale:1.0]]
[2022.02.12-18.29.31:696][  0]LogConfig: Setting CVar [[r.ParticleLightQuality:2]]
[2022.02.12-18.29.31:696][  0]LogConfig: Setting CVar [[r.SkyAtmosphere.AerialPerspectiveLUT.FastApplyOnOpaque:1 ; Always have FastSkyLUT 1 in this case to avoid wrong sky]]
[2022.02.12-18.29.31:696][  0]LogConfig: Setting CVar [[r.SkyAtmosphere.AerialPerspectiveLUT.SampleCountMaxPerSlice:4]]
[2022.02.12-18.29.31:696][  0]LogConfig: Setting CVar [[r.SkyAtmosphere.AerialPerspectiveLUT.DepthResolution:16.0]]
[2022.02.12-18.29.31:696][  0]LogConfig: Setting CVar [[r.SkyAtmosphere.FastSkyLUT:1]]
[2022.02.12-18.29.31:696][  0]LogConfig: Setting CVar [[r.SkyAtmosphere.FastSkyLUT.SampleCountMin:4.0]]
[2022.02.12-18.29.31:696][  0]LogConfig: Setting CVar [[r.SkyAtmosphere.FastSkyLUT.SampleCountMax:128.0]]
[2022.02.12-18.29.31:696][  0]LogConfig: Setting CVar [[r.SkyAtmosphere.SampleCountMin:4.0]]
[2022.02.12-18.29.31:696][  0]LogConfig: Setting CVar [[r.SkyAtmosphere.SampleCountMax:128.0]]
[2022.02.12-18.29.31:696][  0]LogConfig: Setting CVar [[r.SkyAtmosphere.TransmittanceLUT.UseSmallFormat:0]]
[2022.02.12-18.29.31:696][  0]LogConfig: Setting CVar [[r.SkyAtmosphere.TransmittanceLUT.SampleCount:10.0]]
[2022.02.12-18.29.31:696][  0]LogConfig: Setting CVar [[r.SkyAtmosphere.MultiScatteringLUT.SampleCount:15.0]]
[2022.02.12-18.29.31:696][  0]LogConfig: Setting CVar [[r.SkyLight.RealTimeReflectionCapture:1]]
[2022.02.12-18.29.31:696][  0]LogConfig: Applying CVar settings from Section [FoliageQuality@3] File [D:/Users/cythe/Documents/GitHub/SmolGame/SmolGame/Saved/Config/Windows/Scalability.ini]
[2022.02.12-18.29.31:696][  0]LogConfig: Setting CVar [[foliage.DensityScale:1.0]]
[2022.02.12-18.29.31:696][  0]LogConfig: Setting CVar [[grass.DensityScale:1.0]]
[2022.02.12-18.29.31:696][  0]LogConfig: Applying CVar settings from Section [ShadingQuality@3] File [D:/Users/cythe/Documents/GitHub/SmolGame/SmolGame/Saved/Config/Windows/Scalability.ini]
[2022.02.12-18.29.31:696][  0]LogConfig: Setting CVar [[r.HairStrands.SkyLighting.IntegrationType:2]]
[2022.02.12-18.29.31:696][  0]LogConfig: Setting CVar [[r.HairStrands.SkyAO.SampleCount:4]]
[2022.02.12-18.29.31:696][  0]LogConfig: Setting CVar [[r.HairStrands.Visibility.MSAA.SamplePerPixel:4]]
[2022.02.12-18.29.31:696][  0]LogConfig: Applying CVar settings from Section [Startup] File [../../../Engine/Config/ConsoleVariables.ini]
[2022.02.12-18.29.31:696][  0]LogConfig: Setting CVar [[net.UseAdaptiveNetUpdateFrequency:0]]
[2022.02.12-18.29.31:696][  0]LogConfig: Setting CVar [[p.chaos.AllowCreatePhysxBodies:1]]
[2022.02.12-18.29.31:696][  0]LogConfig: Setting CVar [[fx.SkipVectorVMBackendOptimizations:1]]
[2022.02.12-18.29.31:696][  0]LogConfig: Applying CVar settings from Section [ConsoleVariables] File [D:/Users/cythe/Documents/GitHub/SmolGame/SmolGame/Saved/Config/Windows/Engine.ini]
[2022.02.12-18.29.31:696][  0]LogConfig: Applying CVar settings from Section [ConsoleVariables] File [D:/Users/cythe/Documents/GitHub/SmolGame/SmolGame/Saved/Config/Windows/Editor.ini]
[2022.02.12-18.29.31:696][  0]LogInit: Computer: DESKTOP-0FG1SOE
[2022.02.12-18.29.31:696][  0]LogInit: User: cythe
[2022.02.12-18.29.31:696][  0]LogInit: CPU Page size=4096, Cores=6
[2022.02.12-18.29.31:696][  0]LogInit: High frequency timer resolution =10.000000 MHz
[2022.02.12-18.29.31:697][  0]LogMemory: Memory total: Physical=15.9GB (16GB approx)
[2022.02.12-18.29.31:697][  0]LogMemory: Platform Memory Stats for Windows
[2022.02.12-18.29.31:697][  0]LogMemory: Process Physical Memory: 147.04 MB used, 147.04 MB peak
[2022.02.12-18.29.31:697][  0]LogMemory: Process Virtual Memory: 131.97 MB used, 131.97 MB peak
[2022.02.12-18.29.31:697][  0]LogMemory: Physical Memory: 9554.45 MB used,  6679.16 MB free, 16233.61 MB total
[2022.02.12-18.29.31:697][  0]LogMemory: Virtual Memory: 134188752.00 MB used,  28972.59 MB free, 134217728.00 MB total
[2022.02.12-18.29.31:701][  0]LogWindows: WindowsPlatformFeatures enabled
[2022.02.12-18.29.31:739][  0]LogInit: Physics initialised using underlying interface: PhysX
[2022.02.12-18.29.31:739][  0]LogInit: Using OS detected language (en-US).
[2022.02.12-18.29.31:739][  0]LogInit: Using OS detected locale (en-DE).
[2022.02.12-18.29.31:741][  0]LogTextLocalizationManager: No specific localization for 'en-US' exists, so the 'en' localization will be used.
[2022.02.12-18.29.31:921][  0]LogWindowsTextInputMethodSystem: Display: IME system deactivated.
[2022.02.12-18.29.31:932][  0]LogSlate: New Slate User Created.  User Index 0, Is Virtual User: 0
[2022.02.12-18.29.31:932][  0]LogSlate: Slate User Registered.  User Index 0, Is Virtual User: 0
[2022.02.12-18.29.32:044][  0]LogD3D11RHI: Loaded GFSDK_Aftermath_Lib.x64.dll
[2022.02.12-18.29.32:096][  0]LogHMD: Failed to initialize OpenVR with code 110
[2022.02.12-18.29.32:096][  0]LogD3D11RHI: D3D11 min allowed feature level: 11_0
[2022.02.12-18.29.32:096][  0]LogD3D11RHI: D3D11 max allowed feature level: 11_0
[2022.02.12-18.29.32:096][  0]LogD3D11RHI: D3D11 adapters:
[2022.02.12-18.29.32:228][  0]LogD3D11RHI:    0. 'NVIDIA GeForce RTX 2070' (Feature Level 11_0)
[2022.02.12-18.29.32:228][  0]LogD3D11RHI:       8031/0/8116 MB DedicatedVideo/DedicatedSystem/SharedSystem, Outputs:1, VendorId:0x10de
[2022.02.12-18.29.32:241][  0]LogD3D11RHI:    1. 'Intel(R) UHD Graphics 630' (Feature Level 11_0)
[2022.02.12-18.29.32:241][  0]LogD3D11RHI:       128/0/8116 MB DedicatedVideo/DedicatedSystem/SharedSystem, Outputs:0, VendorId:0x8086
[2022.02.12-18.29.32:243][  0]LogD3D11RHI:    2. 'Microsoft Basic Render Driver' (Feature Level 11_0)
[2022.02.12-18.29.32:243][  0]LogD3D11RHI:       0/0/8116 MB DedicatedVideo/DedicatedSystem/SharedSystem, Outputs:0, VendorId:0x1414
[2022.02.12-18.29.32:243][  0]LogD3D11RHI: Chosen D3D11 Adapter:
[2022.02.12-18.29.32:243][  0]LogD3D11RHI:     Description : NVIDIA GeForce RTX 2070
[2022.02.12-18.29.32:243][  0]LogD3D11RHI:     VendorId    : 10de
[2022.02.12-18.29.32:243][  0]LogD3D11RHI:     DeviceId    : 1f10
[2022.02.12-18.29.32:243][  0]LogD3D11RHI:     SubSysId    : 18711043
[2022.02.12-18.29.32:243][  0]LogD3D11RHI:     Revision    : 00a1
[2022.02.12-18.29.32:243][  0]LogD3D11RHI:     DedicatedVideoMemory : 8421113856 bytes
[2022.02.12-18.29.32:243][  0]LogD3D11RHI:     DedicatedSystemMemory : 0 bytes
[2022.02.12-18.29.32:243][  0]LogD3D11RHI:     SharedSystemMemory : 8511088640 bytes
[2022.02.12-18.29.32:243][  0]LogD3D11RHI:     AdapterLuid : 0 72762
[2022.02.12-18.29.32:250][  0]LogD3D11RHI: Creating new Direct3DDevice
[2022.02.12-18.29.32:250][  0]LogD3D11RHI:     GPU DeviceId: 0x1f10 (for the marketing name, search the web for "GPU Device Id")
[2022.02.12-18.29.32:250][  0]LogWindows: EnumDisplayDevices:
[2022.02.12-18.29.32:250][  0]LogWindows:    0. 'Intel(R) UHD Graphics 630' (P:1 D:1)
[2022.02.12-18.29.32:250][  0]LogWindows:    1. 'Intel(R) UHD Graphics 630' (P:0 D:0)
[2022.02.12-18.29.32:250][  0]LogWindows:    2. 'Intel(R) UHD Graphics 630' (P:0 D:0)
[2022.02.12-18.29.32:251][  0]LogWindows:    3. 'NVIDIA GeForce RTX 2070' (P:0 D:0)
[2022.02.12-18.29.32:251][  0]LogWindows:    4. 'NVIDIA GeForce RTX 2070' (P:0 D:0)
[2022.02.12-18.29.32:251][  0]LogWindows:    5. 'NVIDIA GeForce RTX 2070' (P:0 D:0)
[2022.02.12-18.29.32:251][  0]LogWindows:    6. 'NVIDIA GeForce RTX 2070' (P:0 D:0)
[2022.02.12-18.29.32:251][  0]LogWindows: DebugString: PrimaryIsNotTheChoosenAdapter PrimaryIsNotTheChoosenAdapter PrimaryIsNotTheChoosenAdapter FoundDriverCount:4 
[2022.02.12-18.29.32:251][  0]LogD3D11RHI:     Adapter Name: NVIDIA GeForce RTX 2070
[2022.02.12-18.29.32:251][  0]LogD3D11RHI:   Driver Version: 471.96 (internal:30.0.14.7196, unified:471.96)
[2022.02.12-18.29.32:252][  0]LogD3D11RHI:      Driver Date: 8-27-2021
[2022.02.12-18.29.32:252][  0]LogRHI: Texture pool is 5621 MB (70% of 8031 MB)
[2022.02.12-18.29.32:252][  0]LogD3D11RHI: Creating D3DDevice using adapter:
[2022.02.12-18.29.32:252][  0]LogD3D11RHI:     Description : NVIDIA GeForce RTX 2070
[2022.02.12-18.29.32:252][  0]LogD3D11RHI:     VendorId    : 10de
[2022.02.12-18.29.32:252][  0]LogD3D11RHI:     DeviceId    : 1f10
[2022.02.12-18.29.32:252][  0]LogD3D11RHI:     SubSysId    : 18711043
[2022.02.12-18.29.32:252][  0]LogD3D11RHI:     Revision    : 00a1
[2022.02.12-18.29.32:252][  0]LogD3D11RHI:     DedicatedVideoMemory : 8421113856 bytes
[2022.02.12-18.29.32:252][  0]LogD3D11RHI:     DedicatedSystemMemory : 0 bytes
[2022.02.12-18.29.32:252][  0]LogD3D11RHI:     SharedSystemMemory : 8511088640 bytes
[2022.02.12-18.29.32:252][  0]LogD3D11RHI:     AdapterLuid : 0 72762
[2022.02.12-18.29.32:336][  0]LogD3D11RHI: RHI has support for 64 bit atomics
[2022.02.12-18.29.32:337][  0]LogD3D11RHI: Async texture creation enabled
[2022.02.12-18.29.32:337][  0]LogD3D11RHI: Array index from any shader is supported
[2022.02.12-18.29.32:351][  0]LogD3D11RHI: GPU Timing Frequency: 1000.000000 (Debug: 2 1)
[2022.02.12-18.29.32:391][  0]LogRHI: GeForceNow SDK initialized: 1
[2022.02.12-18.29.32:642][  0]LogTargetPlatformManager: Display: Loaded TargetPlatform 'AllDesktop'
[2022.02.12-18.29.32:664][  0]LogTargetPlatformManager: Display: Loaded TargetPlatform 'Android'
[2022.02.12-18.29.32:664][  0]LogTargetPlatformManager: Display: Loaded TargetPlatform 'Android_ASTC'
[2022.02.12-18.29.32:664][  0]LogTargetPlatformManager: Display: Loaded TargetPlatform 'Android_DXT'
[2022.02.12-18.29.32:664][  0]LogTargetPlatformManager: Display: Loaded TargetPlatform 'Android_ETC2'
[2022.02.12-18.29.32:664][  0]LogTargetPlatformManager: Display: Loaded TargetPlatform 'AndroidClient'
[2022.02.12-18.29.32:664][  0]LogTargetPlatformManager: Display: Loaded TargetPlatform 'Android_ASTCClient'
[2022.02.12-18.29.32:664][  0]LogTargetPlatformManager: Display: Loaded TargetPlatform 'Android_DXTClient'
[2022.02.12-18.29.32:665][  0]LogTargetPlatformManager: Display: Loaded TargetPlatform 'Android_ETC2Client'
[2022.02.12-18.29.32:665][  0]LogTargetPlatformManager: Display: Loaded TargetPlatform 'Android_Multi'
[2022.02.12-18.29.32:665][  0]LogTargetPlatformManager: Display: Loaded TargetPlatform 'Android_MultiClient'
[2022.02.12-18.29.32:683][  0]LogTargetPlatformManager: Display: Loaded TargetPlatform 'IOSClient'
[2022.02.12-18.29.32:683][  0]LogTargetPlatformManager: Display: Loaded TargetPlatform 'IOS'
[2022.02.12-18.29.32:691][  0]LogTargetPlatformManager: Display: Loaded TargetPlatform 'Linux'
[2022.02.12-18.29.32:696][  0]LogTargetPlatformManager: Display: Loaded TargetPlatform 'LinuxNoEditor'
[2022.02.12-18.29.32:700][  0]LogTargetPlatformManager: Display: Loaded TargetPlatform 'LinuxClient'
[2022.02.12-18.29.32:704][  0]LogTargetPlatformManager: Display: Loaded TargetPlatform 'LinuxServer'
[2022.02.12-18.29.32:713][  0]LogTargetPlatformManager: Display: Loaded TargetPlatform 'LinuxAArch64NoEditor'
[2022.02.12-18.29.32:718][  0]LogTargetPlatformManager: Display: Loaded TargetPlatform 'LinuxAArch64Client'
[2022.02.12-18.29.32:722][  0]LogTargetPlatformManager: Display: Loaded TargetPlatform 'LinuxAArch64Server'
[2022.02.12-18.29.32:743][  0]LogTargetPlatformManager: Display: Loaded TargetPlatform 'Lumin'
[2022.02.12-18.29.32:743][  0]LogTargetPlatformManager: Display: Loaded TargetPlatform 'LuminClient'
[2022.02.12-18.29.32:752][  0]LogTargetPlatformManager: Display: Loaded TargetPlatform 'MacNoEditor'
[2022.02.12-18.29.32:756][  0]LogTargetPlatformManager: Display: Loaded TargetPlatform 'Mac'
[2022.02.12-18.29.32:759][  0]LogTargetPlatformManager: Display: Loaded TargetPlatform 'MacClient'
[2022.02.12-18.29.32:764][  0]LogTargetPlatformManager: Display: Loaded TargetPlatform 'MacServer'
[2022.02.12-18.29.32:773][  0]LogTargetPlatformManager: Display: Loaded TargetPlatform 'TVOSClient'
[2022.02.12-18.29.32:773][  0]LogTargetPlatformManager: Display: Loaded TargetPlatform 'TVOS'
[2022.02.12-18.29.32:781][  0]LogTargetPlatformManager: Display: Loaded TargetPlatform 'WindowsNoEditor'
[2022.02.12-18.29.32:785][  0]LogTargetPlatformManager: Display: Loaded TargetPlatform 'Windows'
[2022.02.12-18.29.32:789][  0]LogTargetPlatformManager: Display: Loaded TargetPlatform 'WindowsClient'
[2022.02.12-18.29.32:794][  0]LogTargetPlatformManager: Display: Loaded TargetPlatform 'WindowsServer'
[2022.02.12-18.29.32:794][  0]LogTargetPlatformManager: Display: Building Assets For Windows
[2022.02.12-18.29.32:799][  0]LogAudioDebug: Display: Lib vorbis DLL was dynamically loaded.
[2022.02.12-18.29.32:825][  0]LogTextureFormatOodle: Display: Oodle Texture 2.9.0 init RDO Off
[2022.02.12-18.29.32:854][  0]LogRendererCore: Ray tracing is disabled. Reason: r.RayTracing=0.
[2022.02.12-18.29.32:854][  0]LogShaderCompilers: Guid format shader working directory is -16 characters bigger than the processId version (../../../../../Users/cythe/Documents/GitHub/SmolGame/SmolGame/Intermediate/Shaders/WorkingDirectory/12536/).
[2022.02.12-18.29.32:854][  0]LogShaderCompilers: Cleaned the shader compiler working directory 'C:/Users/cythe/AppData/Local/Temp/UnrealShaderWorkingDir/0B093C4F43C58FF39EA2F9BC3B681FF0/'.
[2022.02.12-18.29.32:854][  0]LogXGEController: Cannot use XGE Controller as Incredibuild is not installed on this machine.
[2022.02.12-18.29.32:855][  0]LogShaderCompilers: Cannot use XGE Shader Compiler as Incredibuild is not installed on this machine.
[2022.02.12-18.29.32:855][  0]LogShaderCompilers: Display: Using Local Shader Compiler.
[2022.02.12-18.29.33:575][  0]LogDerivedDataCache: Display: Max Cache Size: 512 MB
[2022.02.12-18.29.33:638][  0]LogDerivedDataCache: Loaded boot cache 0.06s 94MB C:/Users/cythe/AppData/Local/UnrealEngine/4.27/DerivedDataCache/Boot.ddc.
[2022.02.12-18.29.33:638][  0]LogDerivedDataCache: Display: Loaded Boot cache: C:/Users/cythe/AppData/Local/UnrealEngine/4.27/DerivedDataCache/Boot.ddc
[2022.02.12-18.29.33:638][  0]LogDerivedDataCache: FDerivedDataBackendGraph:  Pak pak cache file ../../../../../Users/cythe/Documents/GitHub/SmolGame/SmolGame/DerivedDataCache/DDC.ddp not found, will not use a pak cache.
[2022.02.12-18.29.33:638][  0]LogDerivedDataCache: Unable to find inner node Pak for hierarchical cache Hierarchy.
[2022.02.12-18.29.33:638][  0]LogDerivedDataCache: FDerivedDataBackendGraph:  CompressedPak pak cache file ../../../../../Users/cythe/Documents/GitHub/SmolGame/SmolGame/DerivedDataCache/Compressed.ddp not found, will not use a pak cache.
[2022.02.12-18.29.33:638][  0]LogDerivedDataCache: Unable to find inner node CompressedPak for hierarchical cache Hierarchy.
[2022.02.12-18.29.33:653][  0]LogDerivedDataCache: Display: Pak cache opened for reading ../../../Engine/DerivedDataCache/Compressed.ddp.
[2022.02.12-18.29.33:653][  0]LogDerivedDataCache: FDerivedDataBackendGraph:  EnterprisePak pak cache file ../../../Enterprise/DerivedDataCache/Compressed.ddp not found, will not use a pak cache.
[2022.02.12-18.29.33:653][  0]LogDerivedDataCache: Unable to find inner node EnterprisePak for hierarchical cache Hierarchy.
[2022.02.12-18.29.33:661][  0]LogDerivedDataCache: Speed tests for C:/Users/cythe/AppData/Local/UnrealEngine/Common/DerivedDataCache took 0.01 seconds
[2022.02.12-18.29.33:661][  0]LogDerivedDataCache: Display: Performance to C:/Users/cythe/AppData/Local/UnrealEngine/Common/DerivedDataCache: Latency=0.02ms. RandomReadSpeed=1126.07MBs, RandomWriteSpeed=142.10MBs. Assigned SpeedClass 'Local'
[2022.02.12-18.29.33:661][  0]LogDerivedDataCache: Using Local data cache path C:/Users/cythe/AppData/Local/UnrealEngine/Common/DerivedDataCache: Writable
[2022.02.12-18.29.33:662][  0]LogDerivedDataCache: Shared data cache path not found in *engine.ini, will not use an Shared cache.
[2022.02.12-18.29.33:662][  0]LogDerivedDataCache: Unable to find inner node Shared for hierarchical cache Hierarchy.
[2022.02.12-18.29.33:713][  0]LogSlate: Using FreeType 2.10.0
[2022.02.12-18.29.33:713][  0]LogSlate: SlateFontServices - WITH_FREETYPE: 1, WITH_HARFBUZZ: 1
[2022.02.12-18.29.33:738][  0]LogAssetRegistry: FAssetRegistry took 0.0026 seconds to start up
[2022.02.12-18.29.33:949][  0]LogInit: Selected Device Profile: [Windows]
[2022.02.12-18.29.33:949][  0]LogInit: Active device profile: [0000024231BE4900][000002422BDA6200 49] Windows
[2022.02.12-18.29.33:949][  0]LogInit: Profiles: [0000024231BE4900][000002422BDA6200 49] Windows, [0000024231BB3800][000002422BDAE380 49] WindowsNoEditor, [0000024231BE7500][000002422BDB2500 49] WindowsServer, [0000024231BB0E00][000002422BDB6680 49] WindowsClient, [0000024231BE7800][000002422BDAA7C0 49] IOS, [0000024231BB2800][0000024226F36900 49] iPadAir, [0000024231BE6000][0000024226F3AA40 49] iPadAir2, [0000024231B54A00][0000024226F46CC0 49] IPadPro, [0000024231B54B00][0000024226F3ED00 49] iPadAir3, [0000024231BB1800][0000024226F4AE80 49] iPadAir4, [0000024231B57400][0000024226F4F000 49] iPadMini2, [0000024231BB2A00][0000024226F53180 49] iPadMini3, [0000024231B55700][0000024226F57300 49] iPadMini4, [0000024231BE5000][0000024226F5B480 49] iPadMini5, [0000024231B80300][0000024226F63740 49] iPhone6, [0000024231B80400][0000024226F5F780 49] iPodTouch6, [0000024231B57600][0000024226F6BA40 49] iPhone7, [0000024231B55800][0000024226F67A80 49] iPodTouch7, [0000024231B83F00][0000024226F6FC00 49] iPhone5S, [0000024231BB2300][0000024226F72200 49] iPhone6Plus, [0000024231B54200][0000024226F76380 49] iPhone6S, [0000024231BB2200][0000024226F7A500 49] iPhone6SPlus, [0000024231B57C00][0000024226F7E680 49] iPhone7Plus, [0000024231BB0100][0000024226F82800 49] iPhoneSE, [0000024231B57500][0000024226F42940 49] iPhone8, [0000024231BB1E00][0000024226F86A80 49] iPhone8Plus, [0000024231B55000][0000024226F8ABC0 49] iPhoneX, [0000024231BB0A00][0000024226F8ED00 49] iPhoneXS, [0000024231B55200][0000024226F96E80 49] iPhoneXSMax, [0000024231BB1500][0000024226F9B000 49] iPhoneXR, [0000024231B57700][0000024226F9F180 49] iPhone11, [0000024231BB0D00][0000024232803300 49] iPhone11Pro, [0000024231B57800][0000024232807480 49] iPhone11ProMax, [0000024231BB0F00][000002423280B600 49] iPhoneSE2, [0000024231B56E00][000002423280F780 49] iPhone12Mini, [0000024231BB3100][0000024232813900 49] iPhone12, [0000024231B56B00][0000024232817A80 49] iPhone12Pro, [0000024231BB0800][000002423281BC00 49] iPhone12ProMax, [0000024231B56300][000002423281E200 49] iPadPro105, [0000024231BB2F00][0000024232822380 49] iPadPro129, [0000024231B56000][0000024232826500 49] iPadPro97, [0000024231BB1300][000002423282A680 49] iPadPro2_129, [0000024231B55A00][000002423282E800 49] iPad5, [0000024231BB1A00][0000024232832980 49] iPad6, [0000024231B56800][0000024232836B00 49] iPad7, [0000024231BB0C00][0000024226F92C40 49] iPad8, [0000024231B57200][000002423283AD80 49] iPadPro11, [0000024231BB1600][000002423283EEC0 49] iPadPro2_11, [0000024231B55C00][0000024232847040 49] iPadPro3_129, [0000024231BB3900][000002423284B1C0 49] iPadPro4_129, [0000024231B55500][000002423284F340 49] AppleTV, [0000024231BB0300][00000242328534C0 49] AppleTV4K, [0000024231B54100][0000024232857640 49] TVOS, [0000024231BB2400][000002423285B7C0 49] Mac, [0000024231B56100][000002423285F940 49] MacClient, [0000024231BB3400][0000024232863AC0 49] MacNoEditor, [0000024231B55F00][00000242328660C0 49] MacServer, [0000024231BB0600][000002423286A240 49] Linux, [0000024231B56200][000002423286E3C0 49] LinuxAArch64, [0000024231BB3600][0000024232872540 49] LinuxNoEditor, [0000024231B55D00][00000242328766C0 49] LinuxAArch64NoEditor, [0000024231BB1400][000002423287A840 49] LinuxClient, [0000024231B57100][000002423287E9C0 49] LinuxAArch64Client, [0000024231BB1900][0000024232882B40 49] LinuxServer, [0000024231B57000][0000024232886CC0 49] LinuxAArch64Server, [0000024231BB2600][0000024232842E00 49] Android, [0000024231B54700][000002423288AF40 49] Android_Low, [0000024231BB1B00][000002423288F080 49] Android_Mid, [0000024231BE7A00][00000242328931C0 49] Android_High, [0000024231B81C00][000002423289B340 49] Android_Default, [0000024231BE6100][000002423289F4C0 49] Android_Adreno4xx, [0000024231B82700][00000242328A3640 49] Android_Adreno5xx_Low, [0000024231BE4B00][00000242328A77C0 49] Android_Adreno5xx, [0000024231B82D00][00000242328AB940 49] Android_Adreno6xx, [0000024231BE5200][00000242328AFAC0 49] Android_Adreno6xx_Vulkan, [0000024231B82800][00000242328B20C0 49] Android_Mali_T6xx, [0000024231BE7200][00000242328B6240 49] Android_Mali_T7xx, [0000024231B82E00][00000242328BA3C0 49] Android_Mali_T8xx, [0000024231BE6500][00000242328BE540 49] Android_Mali_G71, [0000024231B83E00][00000242328C26C0 49] Android_Mali_G72, [0000024231BE6A00][00000242328C6840 49] Android_Mali_G72_Vulkan, [0000024231B81B00][00000242328CA9C0 49] Android_Mali_G76, [0000024231BE5B00][00000242328CEB40 49] Android_Mali_G76_Vulkan, [0000024231B83D00][00000242328D2CC0 49] Android_Mali_G77, [0000024231BE6D00][00000242328D6E40 49] Android_Mali_G77_Vulkan, [0000024231B83900][0000024232896F80 49] Android_Mali_G78, [0000024231BE4D00][00000242328DB0C0 49] Android_Mali_G78_Vulkan, [0000024231B80500][00000242328DF200 49] Android_Mali_G710, [0000024231BE6B00][00000242328E3340 49] Android_Mali_G710_Vulkan, [0000024231B83500][00000242328EB4C0 49] Android_Vulkan_SM5, [0000024231BE7400][00000242328EF640 49] Android_PowerVR_G6xxx, [0000024231B82400][00000242328F37C0 49] Android_PowerVR_GT7xxx, [0000024231BE7C00][00000242328F7940 49] Android_PowerVR_GE8xxx, [0000024231B82200][00000242328FBAC0 49] Android_PowerVR_GM9xxx, [0000024231BE7000][0000024226E6C0C0 49] Android_PowerVR_GM9xxx_Vulkan, [0000024231B81500][0000024226E70240 49] Android_TegraK1, [0000024231BE5100][0000024226E743C0 49] Android_Unknown_Vulkan, [0000024231BB3D00][0000024226E78540 49] Lumin, [0000024231BE6900][0000024226E7C6C0 49] Lumin_Desktop, [0000024231BB3E00][0000024226E80840 49] HoloLens, 
[2022.02.12-18.29.39:927][  0]LogMeshReduction: Using QuadricMeshReduction for automatic static mesh reduction
[2022.02.12-18.29.39:927][  0]LogMeshReduction: Using SimplygonMeshReduction for automatic skeletal mesh reduction
[2022.02.12-18.29.39:927][  0]LogMeshReduction: Using ProxyLODMeshReduction for automatic mesh merging
[2022.02.12-18.29.39:927][  0]LogMeshReduction: No distributed automatic mesh merging module available
[2022.02.12-18.29.39:927][  0]LogMeshMerging: No distributed automatic mesh merging module available
[2022.02.12-18.29.39:942][  0]LogNetVersion: SmolGame 1.0.0, NetCL: 17155196, EngineNetVer: 17, GameNetVer: 0 (Checksum: 1849279002)
[2022.02.12-18.29.40:564][  0]LogTexture: Default maximum texture size for cubemaps generated from long-lat sources has been changed from 512 to unlimited. In order to preserve old behaiour for '/Engine/MapTemplates/Sky/DaylightAmbientCubemap.DaylightAmbientCubemap', its maximum texture size has been explicitly set to 512.
[2022.02.12-18.29.40:619][  0]LogHMD: PokeAHoleMaterial loaded successfully
[2022.02.12-18.29.40:625][  0]LogUObjectArray: 17178 objects as part of root set at end of initial load.
[2022.02.12-18.29.40:625][  0]LogUObjectAllocator: 4302048 out of 0 bytes used by permanent object pool.
[2022.02.12-18.29.40:625][  0]LogUObjectArray: CloseDisregardForGC: 0/0 objects in disregard for GC pool
[2022.02.12-18.29.40:958][  0]LogTcpMessaging: Initializing TcpMessaging bridge
[2022.02.12-18.29.40:962][  0]LogUdpMessaging: Initializing bridge on interface 0.0.0.0:0 to multicast group 230.0.0.1:6666.
[2022.02.12-18.29.41:009][  0]LogNiagaraDebuggerClient: Niagara Debugger Client Initialized | Session: 8527173C4C68A279325E469760E5F987 | Instance: 418B28564B149ADBDB56929C89BE229A (DESKTOP-0FG1SOE-12536).
[2022.02.12-18.29.41:040][  0]LogPython: Using Python 3.7.7
[2022.02.12-18.29.41:725][  0]LogLinker: Warning: Failed to load '/Game/VehicleAdvBP/AdvancedVehicleOverview': Can't find file.
[2022.02.12-18.29.41:725][  0]LogLinker: Warning: Failed to load '/Game/VehicleAdvBP/AdvancedVehicleOverview': Can't find file.
[2022.02.12-18.29.41:725][  0]LogUObjectGlobals: Warning: Failed to find object 'Class /Game/VehicleAdvBP/AdvancedVehicleOverview.AdvancedVehicleOverview_C'
[2022.02.12-18.29.41:849][  0]SourceControl: Source control is disabled
[2022.02.12-18.29.41:849][  0]SourceControl: Source control is disabled
[2022.02.12-18.29.41:852][  0]SourceControl: Source control is disabled
[2022.02.12-18.29.41:854][  0]SourceControl: Source control is disabled
[2022.02.12-18.29.41:878][  0]SourceControl: Source control is disabled
[2022.02.12-18.29.41:893][  0]LogUProjectInfo: Found projects:
[2022.02.12-18.29.41:990][  0]LogAndroidPermission: UAndroidPermissionCallbackProxy::GetInstance
[2022.02.12-18.29.42:010][  0]LogAudioCaptureCore: Display: No Audio Capture implementations found. Audio input will be silent.
[2022.02.12-18.29.42:010][  0]LogAudioCaptureCore: Display: No Audio Capture implementations found. Audio input will be silent.
[2022.02.12-18.29.42:135][  0]LogOpenImageDenoise: OIDN starting up
[2022.02.12-18.29.42:141][  0]LogCollectionManager: Loaded 0 collections in 0.000607 seconds
[2022.02.12-18.29.42:162][  0]LogFileCache: Scanning file cache for directory 'D:/Users/cythe/Documents/GitHub/SmolGame/SmolGame/Saved/Collections/' took 0.00s
[2022.02.12-18.29.42:162][  0]LogFileCache: Scanning file cache for directory 'D:/Users/cythe/Documents/GitHub/SmolGame/SmolGame/Content/Developers/cythe/Collections/' took 0.00s
[2022.02.12-18.29.42:162][  0]LogFileCache: Scanning file cache for directory 'D:/Users/cythe/Documents/GitHub/SmolGame/SmolGame/Content/Collections/' took 0.00s
[2022.02.12-18.29.42:162][  0]LogOcInput: OculusInput pre-init called
[2022.02.12-18.29.42:389][  0]LogEngine: Initializing Engine...
[2022.02.12-18.29.42:447][  0]LogHMD: Failed to enumerate extensions. Please check that you have a valid OpenXR runtime installed.
[2022.02.12-18.29.42:447][  0]LogHMD: Failed to initialize OpenVR with code 110
[2022.02.12-18.29.42:447][  0]LogMagicLeap: Warning: VR disabled because ZI is not enabled.  To enable, in the editor, Edit -> Project Settings -> Plugins -> Magic Leap Plugin -> Enable Zero Iteration
[2022.02.12-18.29.42:448][  0]LogStats: UGameplayTagsManager::InitializeManager -  0.000 s
[2022.02.12-18.29.42:545][  0]LogInit: Initializing FReadOnlyCVARCache
[2022.02.12-18.29.42:552][  0]LogAIModule: Creating AISystem for world Untitled
[2022.02.12-18.29.42:562][  0]LogAudio: Display: Initializing Audio Device Manager...
[2022.02.12-18.29.42:565][  0]LogAudio: Display: Loading Default Audio Settings Objects...
[2022.02.12-18.29.42:566][  0]LogAudio: Display: No default SoundConcurrencyObject specified (or failed to load).
[2022.02.12-18.29.42:566][  0]LogAudio: Display: Audio Device Manager Initialized
[2022.02.12-18.29.42:566][  0]LogAudio: Display: Creating Audio Device:                 Id: 1, Scope: Shared, Realtime: True
[2022.02.12-18.29.42:566][  0]LogAudioMixer: Display: Audio Mixer Platform Settings:
[2022.02.12-18.29.42:566][  0]LogAudioMixer: Display: 	Sample Rate:						  48000
[2022.02.12-18.29.42:566][  0]LogAudioMixer: Display: 	Callback Buffer Frame Size Requested: 1024
[2022.02.12-18.29.42:566][  0]LogAudioMixer: Display: 	Callback Buffer Frame Size To Use:	  1024
[2022.02.12-18.29.42:566][  0]LogAudioMixer: Display: 	Number of buffers to queue:			  2
[2022.02.12-18.29.42:566][  0]LogAudioMixer: Display: 	Max Channels (voices):				  32
[2022.02.12-18.29.42:566][  0]LogAudioMixer: Display: 	Number of Async Source Workers:		  0
[2022.02.12-18.29.42:566][  0]LogAudio: Display: AudioDevice MaxSources: 32
[2022.02.12-18.29.42:567][  0]LogAudio: Display: Audio Spatialization Plugin: None (built-in).
[2022.02.12-18.29.42:567][  0]LogAudio: Display: Audio Reverb Plugin: None (built-in).
[2022.02.12-18.29.42:567][  0]LogAudio: Display: Audio Occlusion Plugin: None (built-in).
[2022.02.12-18.29.42:567][  0]LogAudioMixer: Display: Initializing audio mixer.
[2022.02.12-18.29.42:581][  0]LogAudioMixer: Display: 0: FrontLeft
[2022.02.12-18.29.42:581][  0]LogAudioMixer: Display: 1: FrontRight
[2022.02.12-18.29.42:618][  0]LogAudioMixer: Display: Using Audio Device Speakers (Realtek(R) Audio)
[2022.02.12-18.29.42:619][  0]LogAudioMixer: Display: Initializing Sound Submixes...
[2022.02.12-18.29.42:621][  0]LogAudioMixer: Display: Creating Master Submix 'MasterSubmixDefault'
[2022.02.12-18.29.42:621][  0]LogAudioMixer: Display: Creating Master Submix 'MasterReverbSubmixDefault'
[2022.02.12-18.29.42:622][  0]LogAudioMixer: Display: Creating Master Submix 'MasterEQSubmixDefault'
[2022.02.12-18.29.42:622][  0]LogAudioMixer: FMixerPlatformXAudio2::StartAudioStream() called
[2022.02.12-18.29.42:622][  0]LogAudioMixer: Display: Output buffers initialized: Frames=1024, Channels=2, Samples=2048
[2022.02.12-18.29.42:623][  0]LogAudioMixer: Display: Starting AudioMixerPlatformInterface::RunInternal()
[2022.02.12-18.29.42:623][  0]LogAudioMixer: Display: FMixerPlatformXAudio2::SubmitBuffer() called for the first time
[2022.02.12-18.29.42:623][  0]LogInit: FAudioDevice initialized.
[2022.02.12-18.29.42:623][  0]LogAudio: Display: Audio Device (ID: 1) registered with world 'Untitled'.
[2022.02.12-18.29.42:623][  0]LogNetVersion: Set ProjectVersion to 1.0.0.0. Version Checksum will be recalculated on next use.
[2022.02.12-18.29.42:743][  0]LogDerivedDataCache: Saved boot cache 0.12s 94MB C:/Users/cythe/AppData/Local/UnrealEngine/4.27/DerivedDataCache/Boot.ddc.
[2022.02.12-18.29.42:743][  0]LogInit: Texture streaming: Enabled
[2022.02.12-18.29.42:776][  0]LogInit: Transaction tracking system initialized
[2022.02.12-18.29.42:793][  0]BlueprintLog: New page: Editor Load
[2022.02.12-18.29.42:842][  0]LocalizationService: Localization service is disabled
[2022.02.12-18.29.42:861][  0]TimingProfiler: Initialize
[2022.02.12-18.29.42:861][  0]TimingProfiler: OnSessionChanged
[2022.02.12-18.29.42:861][  0]LoadingProfiler: Initialize
[2022.02.12-18.29.42:861][  0]LoadingProfiler: OnSessionChanged
[2022.02.12-18.29.42:861][  0]NetworkingProfiler: Initialize
[2022.02.12-18.29.42:861][  0]NetworkingProfiler: OnSessionChanged
[2022.02.12-18.29.42:861][  0]MemoryProfiler: Initialize
[2022.02.12-18.29.42:861][  0]MemoryProfiler: OnSessionChanged
[2022.02.12-18.29.42:978][  0]LogCook: Display: CookSettings for Memory: MemoryMaxUsedVirtual 0MiB, MemoryMaxUsedPhysical 16384MiB, MemoryMinFreeVirtual 0MiB, MemoryMinFreePhysical 1024MiB
[2022.02.12-18.29.42:978][  0]LogCook: Display: Mobile HDR setting 1
[2022.02.12-18.29.42:993][  0]LogFileCache: Scanning file cache for directory 'D:/Users/cythe/Documents/GitHub/SmolGame/SmolGame/Content/' took 0.01s
[2022.02.12-18.29.43:328][  0]LogInit: Display: Engine is initialized. Leaving FEngineLoop::Init()
[2022.02.12-18.29.43:330][  0]SourceControl: Source control is disabled
[2022.02.12-18.29.43:330][  0]LogUnrealEdMisc: Loading editor; pre map load, took 12.669
[2022.02.12-18.29.43:330][  0]Cmd: MAP LOAD FILE="../../../../../Users/cythe/Documents/GitHub/SmolGame/SmolGame/Content/SideScrollerBP/Maps/SideScrollerExampleMap.umap" TEMPLATE=0 SHOWPROGRESS=1 FEATURELEVEL=3
[2022.02.12-18.29.43:330][  0]LightingResults: New page: Lighting Build
[2022.02.12-18.29.43:331][  0]LogWorld: UWorld::CleanupWorld for Untitled, bSessionEnded=true, bCleanupResources=true
[2022.02.12-18.29.43:331][  0]LogSlate: InvalidateAllWidgets triggered.  All widgets were invalidated
[2022.02.12-18.29.43:331][  0]MapCheck: New page: Map Check
[2022.02.12-18.29.43:331][  0]LightingResults: New page: Lighting Build
[2022.02.12-18.29.43:336][  0]LogAudio: Display: Audio Device unregistered from world 'None'.
[2022.02.12-18.29.43:338][  0]LogUObjectHash: Compacting FUObjectHashTables data took   0.70ms
[2022.02.12-18.29.49:973][  0]LogTexture: Display: Building textures: DeprecatedTextureC1866CFF4D79AD66933EBCAE7C741FC8 (BGRA8, 128X128)
[2022.02.12-18.29.50:165][  0]LogAudio: Display: Audio Device (ID: 1) registered with world 'SideScrollerExampleMap'.
[2022.02.12-18.29.50:166][  0]LogAIModule: Creating AISystem for world SideScrollerExampleMap
[2022.02.12-18.29.50:199][  0]LogEditorServer: Finished looking for orphan Actors (0.000 secs)
[2022.02.12-18.29.50:207][  0]LogUObjectHash: Compacting FUObjectHashTables data took   0.84ms
[2022.02.12-18.29.50:208][  0]Cmd: MAP CHECKDEP NOCLEARLOG
[2022.02.12-18.29.50:208][  0]MapCheck: Map check complete: 0 Error(s), 0 Warning(s), took 0,084ms to complete.
[2022.02.12-18.29.50:208][  0]LogFileHelpers: Loading map 'SideScrollerExampleMap' took 6.878
[2022.02.12-18.29.50:208][  0]LogUnrealEdMisc: Total Editor Startup Time, took 19.547
[2022.02.12-18.29.50:433][  0]LogSlate: Updating window title bar state: overlay mode, drag disabled, window buttons hidden, title bar hidden
[2022.02.12-18.29.50:447][  0]LogSlate: Updating window title bar state: overlay mode, drag disabled, window buttons hidden, title bar hidden
[2022.02.12-18.29.50:452][  0]LogSlate: Updating window title bar state: overlay mode, drag disabled, window buttons hidden, title bar hidden
[2022.02.12-18.29.50:457][  0]LogSlate: Updating window title bar state: overlay mode, drag disabled, window buttons hidden, title bar hidden
[2022.02.12-18.29.50:479][  0]LogNativeClassHierarchy: Verbose: Native class hierarchy populated in 0.0085 seconds. Added 3822 classes and 928 folders.
[2022.02.12-18.29.50:498][  0]LogNativeClassHierarchy: Verbose: Native class hierarchy updated for 'WidgetCarousel' in 0.0003 seconds. Added 0 classes and 0 folders.
[2022.02.12-18.29.50:502][  0]LogPakFile: PakFile PrimaryIndexSize=187
[2022.02.12-18.29.50:502][  0]LogPakFile: PakFile PathHashIndexSize=101
[2022.02.12-18.29.50:502][  0]LogPakFile: PakFile FullDirectoryIndexSize=148
[2022.02.12-18.29.50:502][  0]LogShaderLibrary: Display: ShaderCodeLibraryPakFileMountedCallback: PakFile 'D:/Unreal/UE_4.27/FeaturePacks/FP_FirstPerson.upack' (chunk index -1, root 'root:/') mounted
[2022.02.12-18.29.50:502][  0]LogShaderLibrary: Display: ShaderCodeLibraryPakFileMountedCallback: pending pak file info (ChunkID:-1 Root:root:/ File:D:/Unreal/UE_4.27/FeaturePacks/FP_FirstPerson.upack)
[2022.02.12-18.29.50:503][  0]LogPakFile: OnPakFileMounted2Time == 0.000536
[2022.02.12-18.29.50:504][  0]LogPakFile: PakFile PrimaryIndexSize=189
[2022.02.12-18.29.50:504][  0]LogPakFile: PakFile PathHashIndexSize=101
[2022.02.12-18.29.50:505][  0]LogPakFile: PakFile FullDirectoryIndexSize=152
[2022.02.12-18.29.50:505][  0]LogShaderLibrary: Display: ShaderCodeLibraryPakFileMountedCallback: PakFile 'D:/Unreal/UE_4.27/FeaturePacks/FP_FirstPersonBP.upack' (chunk index -1, root 'root:/') mounted
[2022.02.12-18.29.50:505][  0]LogShaderLibrary: Display: ShaderCodeLibraryPakFileMountedCallback: pending pak file info (ChunkID:-1 Root:root:/ File:D:/Unreal/UE_4.27/FeaturePacks/FP_FirstPersonBP.upack)
[2022.02.12-18.29.50:505][  0]LogPakFile: OnPakFileMounted2Time == 0.000039
[2022.02.12-18.29.50:506][  0]LogPakFile: PakFile PrimaryIndexSize=191
[2022.02.12-18.29.50:506][  0]LogPakFile: PakFile PathHashIndexSize=101
[2022.02.12-18.29.50:506][  0]LogPakFile: PakFile FullDirectoryIndexSize=160
[2022.02.12-18.29.50:506][  0]LogShaderLibrary: Display: ShaderCodeLibraryPakFileMountedCallback: PakFile 'D:/Unreal/UE_4.27/FeaturePacks/MobileStarterContent.upack' (chunk index -1, root 'root:/') mounted
[2022.02.12-18.29.50:506][  0]LogShaderLibrary: Display: ShaderCodeLibraryPakFileMountedCallback: pending pak file info (ChunkID:-1 Root:root:/ File:D:/Unreal/UE_4.27/FeaturePacks/MobileStarterContent.upack)
[2022.02.12-18.29.50:506][  0]LogPakFile: OnPakFileMounted2Time == 0.000037
[2022.02.12-18.29.50:508][  0]LogPakFile: PakFile PrimaryIndexSize=185
[2022.02.12-18.29.50:508][  0]LogPakFile: PakFile PathHashIndexSize=101
[2022.02.12-18.29.50:508][  0]LogPakFile: PakFile FullDirectoryIndexSize=148
[2022.02.12-18.29.50:508][  0]LogShaderLibrary: Display: ShaderCodeLibraryPakFileMountedCallback: PakFile 'D:/Unreal/UE_4.27/FeaturePacks/StarterContent.upack' (chunk index -1, root 'root:/') mounted
[2022.02.12-18.29.50:508][  0]LogShaderLibrary: Display: ShaderCodeLibraryPakFileMountedCallback: pending pak file info (ChunkID:-1 Root:root:/ File:D:/Unreal/UE_4.27/FeaturePacks/StarterContent.upack)
[2022.02.12-18.29.50:508][  0]LogPakFile: OnPakFileMounted2Time == 0.000035
[2022.02.12-18.29.50:511][  0]LogPakFile: PakFile PrimaryIndexSize=190
[2022.02.12-18.29.50:511][  0]LogPakFile: PakFile PathHashIndexSize=101
[2022.02.12-18.29.50:511][  0]LogPakFile: PakFile FullDirectoryIndexSize=154
[2022.02.12-18.29.50:511][  0]LogShaderLibrary: Display: ShaderCodeLibraryPakFileMountedCallback: PakFile 'D:/Unreal/UE_4.27/FeaturePacks/TP_2DSideScroller.upack' (chunk index -1, root 'root:/') mounted
[2022.02.12-18.29.50:511][  0]LogShaderLibrary: Display: ShaderCodeLibraryPakFileMountedCallback: pending pak file info (ChunkID:-1 Root:root:/ File:D:/Unreal/UE_4.27/FeaturePacks/TP_2DSideScroller.upack)
[2022.02.12-18.29.50:511][  0]LogPakFile: OnPakFileMounted2Time == 0.000033
[2022.02.12-18.29.50:512][  0]LogPakFile: PakFile PrimaryIndexSize=192
[2022.02.12-18.29.50:512][  0]LogPakFile: PakFile PathHashIndexSize=101
[2022.02.12-18.29.50:512][  0]LogPakFile: PakFile FullDirectoryIndexSize=158
[2022.02.12-18.29.50:512][  0]LogShaderLibrary: Display: ShaderCodeLibraryPakFileMountedCallback: PakFile 'D:/Unreal/UE_4.27/FeaturePacks/TP_2DSideScrollerBP.upack' (chunk index -1, root 'root:/') mounted
[2022.02.12-18.29.50:512][  0]LogShaderLibrary: Display: ShaderCodeLibraryPakFileMountedCallback: pending pak file info (ChunkID:-1 Root:root:/ File:D:/Unreal/UE_4.27/FeaturePacks/TP_2DSideScrollerBP.upack)
[2022.02.12-18.29.50:512][  0]LogPakFile: OnPakFileMounted2Time == 0.000035
[2022.02.12-18.29.50:515][  0]LogPakFile: PakFile PrimaryIndexSize=182
[2022.02.12-18.29.50:515][  0]LogPakFile: PakFile PathHashIndexSize=101
[2022.02.12-18.29.50:515][  0]LogPakFile: PakFile FullDirectoryIndexSize=138
[2022.02.12-18.29.50:515][  0]LogShaderLibrary: Display: ShaderCodeLibraryPakFileMountedCallback: PakFile 'D:/Unreal/UE_4.27/FeaturePacks/TP_Flying.upack' (chunk index -1, root 'root:/') mounted
[2022.02.12-18.29.50:515][  0]LogShaderLibrary: Display: ShaderCodeLibraryPakFileMountedCallback: pending pak file info (ChunkID:-1 Root:root:/ File:D:/Unreal/UE_4.27/FeaturePacks/TP_Flying.upack)
[2022.02.12-18.29.50:515][  0]LogPakFile: OnPakFileMounted2Time == 0.000035
[2022.02.12-18.29.50:517][  0]LogPakFile: PakFile PrimaryIndexSize=184
[2022.02.12-18.29.50:517][  0]LogPakFile: PakFile PathHashIndexSize=101
[2022.02.12-18.29.50:517][  0]LogPakFile: PakFile FullDirectoryIndexSize=142
[2022.02.12-18.29.50:517][  0]LogShaderLibrary: Display: ShaderCodeLibraryPakFileMountedCallback: PakFile 'D:/Unreal/UE_4.27/FeaturePacks/TP_FlyingBP.upack' (chunk index -1, root 'root:/') mounted
[2022.02.12-18.29.50:517][  0]LogShaderLibrary: Display: ShaderCodeLibraryPakFileMountedCallback: pending pak file info (ChunkID:-1 Root:root:/ File:D:/Unreal/UE_4.27/FeaturePacks/TP_FlyingBP.upack)
[2022.02.12-18.29.50:517][  0]LogPakFile: OnPakFileMounted2Time == 0.000038
[2022.02.12-18.29.50:519][  0]LogPakFile: PakFile PrimaryIndexSize=188
[2022.02.12-18.29.50:519][  0]LogPakFile: PakFile PathHashIndexSize=101
[2022.02.12-18.29.50:519][  0]LogPakFile: PakFile FullDirectoryIndexSize=150
[2022.02.12-18.29.50:519][  0]LogShaderLibrary: Display: ShaderCodeLibraryPakFileMountedCallback: PakFile 'D:/Unreal/UE_4.27/FeaturePacks/TP_HandheldARBP.upack' (chunk index -1, root 'root:/') mounted
[2022.02.12-18.29.50:519][  0]LogShaderLibrary: Display: ShaderCodeLibraryPakFileMountedCallback: pending pak file info (ChunkID:-1 Root:root:/ File:D:/Unreal/UE_4.27/FeaturePacks/TP_HandheldARBP.upack)
[2022.02.12-18.29.50:519][  0]LogPakFile: OnPakFileMounted2Time == 0.000031
[2022.02.12-18.29.50:528][  0]LogPakFile: PakFile PrimaryIndexSize=182
[2022.02.12-18.29.50:528][  0]LogPakFile: PakFile PathHashIndexSize=101
[2022.02.12-18.29.50:528][  0]LogPakFile: PakFile FullDirectoryIndexSize=138
[2022.02.12-18.29.50:529][  0]LogShaderLibrary: Display: ShaderCodeLibraryPakFileMountedCallback: PakFile 'D:/Unreal/UE_4.27/FeaturePacks/TP_Puzzle.upack' (chunk index -1, root 'root:/') mounted
[2022.02.12-18.29.50:529][  0]LogShaderLibrary: Display: ShaderCodeLibraryPakFileMountedCallback: pending pak file info (ChunkID:-1 Root:root:/ File:D:/Unreal/UE_4.27/FeaturePacks/TP_Puzzle.upack)
[2022.02.12-18.29.50:529][  0]LogPakFile: OnPakFileMounted2Time == 0.000037
[2022.02.12-18.29.50:531][  0]LogPakFile: PakFile PrimaryIndexSize=184
[2022.02.12-18.29.50:531][  0]LogPakFile: PakFile PathHashIndexSize=101
[2022.02.12-18.29.50:531][  0]LogPakFile: PakFile FullDirectoryIndexSize=142
[2022.02.12-18.29.50:531][  0]LogShaderLibrary: Display: ShaderCodeLibraryPakFileMountedCallback: PakFile 'D:/Unreal/UE_4.27/FeaturePacks/TP_PuzzleBP.upack' (chunk index -1, root 'root:/') mounted
[2022.02.12-18.29.50:531][  0]LogShaderLibrary: Display: ShaderCodeLibraryPakFileMountedCallback: pending pak file info (ChunkID:-1 Root:root:/ File:D:/Unreal/UE_4.27/FeaturePacks/TP_PuzzleBP.upack)
[2022.02.12-18.29.50:531][  0]LogPakFile: OnPakFileMounted2Time == 0.000051
[2022.02.12-18.29.50:533][  0]LogPakFile: PakFile PrimaryIndexSize=183
[2022.02.12-18.29.50:533][  0]LogPakFile: PakFile PathHashIndexSize=101
[2022.02.12-18.29.50:533][  0]LogPakFile: PakFile FullDirectoryIndexSize=140
[2022.02.12-18.29.50:533][  0]LogShaderLibrary: Display: ShaderCodeLibraryPakFileMountedCallback: PakFile 'D:/Unreal/UE_4.27/FeaturePacks/TP_Rolling.upack' (chunk index -1, root 'root:/') mounted
[2022.02.12-18.29.50:533][  0]LogShaderLibrary: Display: ShaderCodeLibraryPakFileMountedCallback: pending pak file info (ChunkID:-1 Root:root:/ File:D:/Unreal/UE_4.27/FeaturePacks/TP_Rolling.upack)
[2022.02.12-18.29.50:533][  0]LogPakFile: OnPakFileMounted2Time == 0.000042
[2022.02.12-18.29.50:536][  0]LogPakFile: PakFile PrimaryIndexSize=185
[2022.02.12-18.29.50:536][  0]LogPakFile: PakFile PathHashIndexSize=101
[2022.02.12-18.29.50:536][  0]LogPakFile: PakFile FullDirectoryIndexSize=144
[2022.02.12-18.29.50:536][  0]LogShaderLibrary: Display: ShaderCodeLibraryPakFileMountedCallback: PakFile 'D:/Unreal/UE_4.27/FeaturePacks/TP_RollingBP.upack' (chunk index -1, root 'root:/') mounted
[2022.02.12-18.29.50:536][  0]LogShaderLibrary: Display: ShaderCodeLibraryPakFileMountedCallback: pending pak file info (ChunkID:-1 Root:root:/ File:D:/Unreal/UE_4.27/FeaturePacks/TP_RollingBP.upack)
[2022.02.12-18.29.50:536][  0]LogPakFile: OnPakFileMounted2Time == 0.000041
[2022.02.12-18.29.50:538][  0]LogPakFile: PakFile PrimaryIndexSize=188
[2022.02.12-18.29.50:538][  0]LogPakFile: PakFile PathHashIndexSize=101
[2022.02.12-18.29.50:538][  0]LogPakFile: PakFile FullDirectoryIndexSize=150
[2022.02.12-18.29.50:538][  0]LogShaderLibrary: Display: ShaderCodeLibraryPakFileMountedCallback: PakFile 'D:/Unreal/UE_4.27/FeaturePacks/TP_SideScroller.upack' (chunk index -1, root 'root:/') mounted
[2022.02.12-18.29.50:538][  0]LogShaderLibrary: Display: ShaderCodeLibraryPakFileMountedCallback: pending pak file info (ChunkID:-1 Root:root:/ File:D:/Unreal/UE_4.27/FeaturePacks/TP_SideScroller.upack)
[2022.02.12-18.29.50:538][  0]LogPakFile: OnPakFileMounted2Time == 0.000035
[2022.02.12-18.29.50:540][  0]LogPakFile: PakFile PrimaryIndexSize=190
[2022.02.12-18.29.50:540][  0]LogPakFile: PakFile PathHashIndexSize=101
[2022.02.12-18.29.50:540][  0]LogPakFile: PakFile FullDirectoryIndexSize=154
[2022.02.12-18.29.50:540][  0]LogShaderLibrary: Display: ShaderCodeLibraryPakFileMountedCallback: PakFile 'D:/Unreal/UE_4.27/FeaturePacks/TP_SideScrollerBP.upack' (chunk index -1, root 'root:/') mounted
[2022.02.12-18.29.50:540][  0]LogShaderLibrary: Display: ShaderCodeLibraryPakFileMountedCallback: pending pak file info (ChunkID:-1 Root:root:/ File:D:/Unreal/UE_4.27/FeaturePacks/TP_SideScrollerBP.upack)
[2022.02.12-18.29.50:540][  0]LogPakFile: OnPakFileMounted2Time == 0.000038
[2022.02.12-18.29.50:541][  0]LogPakFile: PakFile PrimaryIndexSize=187
[2022.02.12-18.29.50:541][  0]LogPakFile: PakFile PathHashIndexSize=101
[2022.02.12-18.29.50:541][  0]LogPakFile: PakFile FullDirectoryIndexSize=148
[2022.02.12-18.29.50:541][  0]LogShaderLibrary: Display: ShaderCodeLibraryPakFileMountedCallback: PakFile 'D:/Unreal/UE_4.27/FeaturePacks/TP_ThirdPerson.upack' (chunk index -1, root 'root:/') mounted
[2022.02.12-18.29.50:541][  0]LogShaderLibrary: Display: ShaderCodeLibraryPakFileMountedCallback: pending pak file info (ChunkID:-1 Root:root:/ File:D:/Unreal/UE_4.27/FeaturePacks/TP_ThirdPerson.upack)
[2022.02.12-18.29.50:541][  0]LogPakFile: OnPakFileMounted2Time == 0.000043
[2022.02.12-18.29.50:649][  0]LogPakFile: PakFile PrimaryIndexSize=189
[2022.02.12-18.29.50:649][  0]LogPakFile: PakFile PathHashIndexSize=101
[2022.02.12-18.29.50:649][  0]LogPakFile: PakFile FullDirectoryIndexSize=152
[2022.02.12-18.29.50:649][  0]LogShaderLibrary: Display: ShaderCodeLibraryPakFileMountedCallback: PakFile 'D:/Unreal/UE_4.27/FeaturePacks/TP_ThirdPersonBP.upack' (chunk index -1, root 'root:/') mounted
[2022.02.12-18.29.50:649][  0]LogShaderLibrary: Display: ShaderCodeLibraryPakFileMountedCallback: pending pak file info (ChunkID:-1 Root:root:/ File:D:/Unreal/UE_4.27/FeaturePacks/TP_ThirdPersonBP.upack)
[2022.02.12-18.29.50:649][  0]LogPakFile: OnPakFileMounted2Time == 0.000044
[2022.02.12-18.29.50:709][  0]LogPakFile: PakFile PrimaryIndexSize=183
[2022.02.12-18.29.50:709][  0]LogPakFile: PakFile PathHashIndexSize=101
[2022.02.12-18.29.50:709][  0]LogPakFile: PakFile FullDirectoryIndexSize=140
[2022.02.12-18.29.50:709][  0]LogShaderLibrary: Display: ShaderCodeLibraryPakFileMountedCallback: PakFile 'D:/Unreal/UE_4.27/FeaturePacks/TP_TopDown.upack' (chunk index -1, root 'root:/') mounted
[2022.02.12-18.29.50:709][  0]LogShaderLibrary: Display: ShaderCodeLibraryPakFileMountedCallback: pending pak file info (ChunkID:-1 Root:root:/ File:D:/Unreal/UE_4.27/FeaturePacks/TP_TopDown.upack)
[2022.02.12-18.29.50:709][  0]LogPakFile: OnPakFileMounted2Time == 0.000052
[2022.02.12-18.29.50:716][  0]LogPakFile: PakFile PrimaryIndexSize=185
[2022.02.12-18.29.50:716][  0]LogPakFile: PakFile PathHashIndexSize=101
[2022.02.12-18.29.50:716][  0]LogPakFile: PakFile FullDirectoryIndexSize=144
[2022.02.12-18.29.50:716][  0]LogShaderLibrary: Display: ShaderCodeLibraryPakFileMountedCallback: PakFile 'D:/Unreal/UE_4.27/FeaturePacks/TP_TopDownBP.upack' (chunk index -1, root 'root:/') mounted
[2022.02.12-18.29.50:716][  0]LogShaderLibrary: Display: ShaderCodeLibraryPakFileMountedCallback: pending pak file info (ChunkID:-1 Root:root:/ File:D:/Unreal/UE_4.27/FeaturePacks/TP_TopDownBP.upack)
[2022.02.12-18.29.50:716][  0]LogPakFile: OnPakFileMounted2Time == 0.000046
[2022.02.12-18.29.50:723][  0]LogPakFile: PakFile PrimaryIndexSize=185
[2022.02.12-18.29.50:723][  0]LogPakFile: PakFile PathHashIndexSize=101
[2022.02.12-18.29.50:723][  0]LogPakFile: PakFile FullDirectoryIndexSize=144
[2022.02.12-18.29.50:723][  0]LogShaderLibrary: Display: ShaderCodeLibraryPakFileMountedCallback: PakFile 'D:/Unreal/UE_4.27/FeaturePacks/TP_TwinStick.upack' (chunk index -1, root 'root:/') mounted
[2022.02.12-18.29.50:723][  0]LogShaderLibrary: Display: ShaderCodeLibraryPakFileMountedCallback: pending pak file info (ChunkID:-1 Root:root:/ File:D:/Unreal/UE_4.27/FeaturePacks/TP_TwinStick.upack)
[2022.02.12-18.29.50:723][  0]LogPakFile: OnPakFileMounted2Time == 0.000043
[2022.02.12-18.29.50:725][  0]LogPakFile: PakFile PrimaryIndexSize=187
[2022.02.12-18.29.50:725][  0]LogPakFile: PakFile PathHashIndexSize=101
[2022.02.12-18.29.50:725][  0]LogPakFile: PakFile FullDirectoryIndexSize=148
[2022.02.12-18.29.50:725][  0]LogShaderLibrary: Display: ShaderCodeLibraryPakFileMountedCallback: PakFile 'D:/Unreal/UE_4.27/FeaturePacks/TP_TwinStickBP.upack' (chunk index -1, root 'root:/') mounted
[2022.02.12-18.29.50:725][  0]LogShaderLibrary: Display: ShaderCodeLibraryPakFileMountedCallback: pending pak file info (ChunkID:-1 Root:root:/ File:D:/Unreal/UE_4.27/FeaturePacks/TP_TwinStickBP.upack)
[2022.02.12-18.29.50:725][  0]LogPakFile: OnPakFileMounted2Time == 0.000037
[2022.02.12-18.29.50:727][  0]LogPakFile: PakFile PrimaryIndexSize=183
[2022.02.12-18.29.50:727][  0]LogPakFile: PakFile PathHashIndexSize=101
[2022.02.12-18.29.50:727][  0]LogPakFile: PakFile FullDirectoryIndexSize=140
[2022.02.12-18.29.50:727][  0]LogShaderLibrary: Display: ShaderCodeLibraryPakFileMountedCallback: PakFile 'D:/Unreal/UE_4.27/FeaturePacks/TP_Vehicle.upack' (chunk index -1, root 'root:/') mounted
[2022.02.12-18.29.50:727][  0]LogShaderLibrary: Display: ShaderCodeLibraryPakFileMountedCallback: pending pak file info (ChunkID:-1 Root:root:/ File:D:/Unreal/UE_4.27/FeaturePacks/TP_Vehicle.upack)
[2022.02.12-18.29.50:727][  0]LogPakFile: OnPakFileMounted2Time == 0.000034
[2022.02.12-18.29.50:729][  0]LogPakFile: PakFile PrimaryIndexSize=186
[2022.02.12-18.29.50:729][  0]LogPakFile: PakFile PathHashIndexSize=101
[2022.02.12-18.29.50:729][  0]LogPakFile: PakFile FullDirectoryIndexSize=146
[2022.02.12-18.29.50:729][  0]LogShaderLibrary: Display: ShaderCodeLibraryPakFileMountedCallback: PakFile 'D:/Unreal/UE_4.27/FeaturePacks/TP_VehicleAdv.upack' (chunk index -1, root 'root:/') mounted
[2022.02.12-18.29.50:729][  0]LogShaderLibrary: Display: ShaderCodeLibraryPakFileMountedCallback: pending pak file info (ChunkID:-1 Root:root:/ File:D:/Unreal/UE_4.27/FeaturePacks/TP_VehicleAdv.upack)
[2022.02.12-18.29.50:730][  0]LogPakFile: OnPakFileMounted2Time == 0.000036
[2022.02.12-18.29.50:732][  0]LogPakFile: PakFile PrimaryIndexSize=188
[2022.02.12-18.29.50:732][  0]LogPakFile: PakFile PathHashIndexSize=101
[2022.02.12-18.29.50:732][  0]LogPakFile: PakFile FullDirectoryIndexSize=150
[2022.02.12-18.29.50:732][  0]LogShaderLibrary: Display: ShaderCodeLibraryPakFileMountedCallback: PakFile 'D:/Unreal/UE_4.27/FeaturePacks/TP_VehicleAdvBP.upack' (chunk index -1, root 'root:/') mounted
[2022.02.12-18.29.50:732][  0]LogShaderLibrary: Display: ShaderCodeLibraryPakFileMountedCallback: pending pak file info (ChunkID:-1 Root:root:/ File:D:/Unreal/UE_4.27/FeaturePacks/TP_VehicleAdvBP.upack)
[2022.02.12-18.29.50:732][  0]LogPakFile: OnPakFileMounted2Time == 0.000033
[2022.02.12-18.29.50:735][  0]LogPakFile: PakFile PrimaryIndexSize=185
[2022.02.12-18.29.50:735][  0]LogPakFile: PakFile PathHashIndexSize=101
[2022.02.12-18.29.50:735][  0]LogPakFile: PakFile FullDirectoryIndexSize=144
[2022.02.12-18.29.50:735][  0]LogShaderLibrary: Display: ShaderCodeLibraryPakFileMountedCallback: PakFile 'D:/Unreal/UE_4.27/FeaturePacks/TP_VehicleBP.upack' (chunk index -1, root 'root:/') mounted
[2022.02.12-18.29.50:735][  0]LogShaderLibrary: Display: ShaderCodeLibraryPakFileMountedCallback: pending pak file info (ChunkID:-1 Root:root:/ File:D:/Unreal/UE_4.27/FeaturePacks/TP_VehicleBP.upack)
[2022.02.12-18.29.50:735][  0]LogPakFile: OnPakFileMounted2Time == 0.000033
[2022.02.12-18.29.50:737][  0]LogPakFile: PakFile PrimaryIndexSize=192
[2022.02.12-18.29.50:737][  0]LogPakFile: PakFile PathHashIndexSize=101
[2022.02.12-18.29.50:737][  0]LogPakFile: PakFile FullDirectoryIndexSize=158
[2022.02.12-18.29.50:737][  0]LogShaderLibrary: Display: ShaderCodeLibraryPakFileMountedCallback: PakFile 'D:/Unreal/UE_4.27/FeaturePacks/TP_VirtualRealityBP.upack' (chunk index -1, root 'root:/') mounted
[2022.02.12-18.29.50:737][  0]LogShaderLibrary: Display: ShaderCodeLibraryPakFileMountedCallback: pending pak file info (ChunkID:-1 Root:root:/ File:D:/Unreal/UE_4.27/FeaturePacks/TP_VirtualRealityBP.upack)
[2022.02.12-18.29.50:737][  0]LogPakFile: OnPakFileMounted2Time == 0.000034
[2022.02.12-18.29.52:074][  0]LogNativeClassHierarchy: Verbose: Native class hierarchy updated for 'AddContentDialog' in 0.0003 seconds. Added 0 classes and 0 folders.
[2022.02.12-18.29.52:075][  0]LogNativeClassHierarchy: Verbose: Native class hierarchy updated for 'SceneOutliner' in 0.0002 seconds. Added 2 classes and 0 folders.
[2022.02.12-18.29.52:159][  0]LogSlate: Took 0.000192 seconds to synchronously load lazily loaded font '../../../Engine/Content/Slate/Fonts/Roboto-Regular.ttf' (155K)
[2022.02.12-18.29.52:247][  0]LogSlate: Took 0.053526 seconds to synchronously load lazily loaded font '../../../Engine/Content/Editor/Slate/Fonts/FontAwesome.ttf' (139K)
[2022.02.12-18.29.52:248][  0]LogSlate: Took 0.000126 seconds to synchronously load lazily loaded font '../../../Engine/Content/Slate/Fonts/Roboto-Bold.ttf' (160K)
[2022.02.12-18.29.52:661][  0]LogRenderer: Reallocating scene render targets to support 880x460 Format 10 NumSamples 1 (Frame:1).
[2022.02.12-18.29.53:926][  0]LogSlate: Took 0.001536 seconds to synchronously load lazily loaded font '../../../Engine/Content/Slate/Fonts/Roboto-Light.ttf' (167K)
[2022.02.12-18.29.54:089][  0]LogNativeClassHierarchy: Verbose: Native class hierarchy updated for 'HierarchicalLODOutliner' in 0.0003 seconds. Added 0 classes and 0 folders.
[2022.02.12-18.29.54:089][  0]LogLoad: (Engine Initialization) Total time: 23.43 seconds
[2022.02.12-18.29.54:089][  0]LogLoad: (Engine Initialization) Total Blueprint compile time: 0.00 seconds
[2022.02.12-18.29.54:142][  0]LogAssetRegistry: Asset discovery search completed in 20.4048 seconds
[2022.02.12-18.29.54:147][  0]LogCollectionManager: Fixed up redirectors for 0 collections in 0.000003 seconds (updated 0 objects)
[2022.02.12-18.29.54:148][  0]LogContentStreaming: Texture pool size now 1000 MB
[2022.02.12-18.30.33:116][293]LogEditorViewport: Clicking on Actor (LMB): StaticMeshActor (Wall2)
[2022.02.12-18.30.37:621][560]LogEditorViewport: Clicking on Actor (LMB): BP_Sky_Sphere_C (SkySphereBlueprint)
[2022.02.12-18.30.40:887][752]LogEditorViewport: Clicking on Actor (LMB): StaticMeshActor (Wall2)
[2022.02.12-18.30.54:315][544]LogEditorViewport: Clicking on Actor (LMB): StaticMeshActor (Floor)
[2022.02.12-18.31.08:196][375]LogEditorViewport: Clicking on Actor (LMB): StaticMeshActor (Wall2)
[2022.02.12-18.31.09:947][479]LogEditorViewport: Clicking on Actor (LMB): StaticMeshActor (Floor)
[2022.02.12-18.31.10:581][516]Cmd: CAMERA ALIGN ACTIVEVIEWPORTONLY
[2022.02.12-18.31.16:064][845]LogEditorViewport: Clicking on Actor (LMB): BP_Sky_Sphere_C (SkySphereBlueprint)
[2022.02.12-18.31.18:072][965]Cmd: CAMERA ALIGN ACTIVEVIEWPORTONLY
[2022.02.12-18.31.20:480][109]Cmd: CAMERA ALIGN ACTIVEVIEWPORTONLY
[2022.02.12-18.31.34:349][941]LogEditorViewport: Clicking on Actor (LMB): StaticMeshActor (Floor)
[2022.02.12-18.31.49:432][787]Cmd: TRANSACTION UNDO
[2022.02.12-18.31.49:432][787]LogEditorTransaction: Undo Move Actors
[2022.02.12-18.31.49:462][787]LogSlate: Took 0.000178 seconds to synchronously load lazily loaded font '../../../Engine/Content/Slate/Fonts/Roboto-Light.ttf' (167K)
[2022.02.12-18.32.07:067][824]LogEditorViewport: Clicking on Actor (LMB): StaticMeshActor (Wall2)
[2022.02.12-18.32.11:085][ 64]LogEditorViewport: Clicking on Actor (LMB): StaticMeshActor (Wall3)
[2022.02.12-18.32.30:833][248]LogEditorViewport: Clicking on Actor (LMB): StaticMeshActor (Pillar2)
[2022.02.12-18.32.31:798][305]Cmd: CAMERA ALIGN ACTIVEVIEWPORTONLY
[2022.02.12-18.32.57:517][848]LogEditorViewport: Clicking on Actor (LMB): StaticMeshActor (Ledge6)
[2022.02.12-18.32.58:835][926]LogEditorViewport: Clicking on Actor (CTRL LMB): StaticMeshActor (Ledge5)
[2022.02.12-18.33.00:452][ 22]LogEditorViewport: Clicking on Actor (CTRL LMB): StaticMeshActor (Ledge4)
[2022.02.12-18.33.02:468][142]LogEditorViewport: Clicking on Actor (CTRL LMB): StaticMeshActor (Ledge7)
[2022.02.12-18.33.03:850][224]LogEditorViewport: Clicking on Actor (CTRL LMB): StaticMeshActor (Ledge8)
[2022.02.12-18.33.05:399][316]LogEditorViewport: Clicking on Actor (CTRL LMB): StaticMeshActor (Ledge9)
[2022.02.12-18.33.06:682][392]LogEditorViewport: Clicking on Actor (CTRL LMB): StaticMeshActor (Ledge3)
[2022.02.12-18.33.08:297][488]LogEditorViewport: Clicking on Actor (CTRL LMB): StaticMeshActor (Ledge1)
[2022.02.12-18.33.09:730][573]LogEditorViewport: Clicking on Actor (CTRL LMB): StaticMeshActor (Ledge2)
[2022.02.12-18.33.11:711][691]LogEditorViewport: Clicking on Actor (CTRL LMB): StaticMeshActor (Pillar2)
[2022.02.12-18.33.13:944][824]Cmd: DUPLICATE
[2022.02.12-18.33.13:944][824]Cmd: ACTOR DUPLICATE
[2022.02.12-18.33.24:096][383]LogEditorViewport: Clicking on Actor (LMB): StaticMeshActor (Ledge14)
[2022.02.12-18.33.35:218][ 49]LogEditorViewport: Clicking on Actor (CTRL LMB): StaticMeshActor (Ledge12)
[2022.02.12-18.33.47:624][786]LogEditorViewport: Clicking on Actor (CTRL LMB): StaticMeshActor (Ledge10)
[2022.02.12-18.33.49:006][868]LogEditorViewport: Clicking on Actor (CTRL LMB): StaticMeshActor (Pillar3)
[2022.02.12-18.33.52:475][ 75]Cmd: DUPLICATE
[2022.02.12-18.33.52:475][ 75]Cmd: ACTOR DUPLICATE
[2022.02.12-18.34.16:719][528]LogEditorViewport: Clicking on Actor (LMB): LightmassImportanceVolume (LightmassImportanceVolume)
[2022.02.12-18.34.38:911][855]LogEditorViewport: Clicking on Actor (LMB): PostProcessVolume (PostProcessVolume)
[2022.02.12-18.34.54:818][794]LogUObjectHash: Compacting FUObjectHashTables data took   0.70ms
[2022.02.12-18.34.54:882][794]LogSavePackage: Moving '../../../../../Users/cythe/Documents/GitHub/SmolGame/SmolGame/Saved/SideScrollerExampleMap0D84D2EF44A08BC69BAD7FA6514E2CD1.tmp' to '../../../../../Users/cythe/Documents/GitHub/SmolGame/SmolGame/Content/SideScrollerBP/Maps/SideScrollerExampleMap.umap'
[2022.02.12-18.34.55:078][794]LogSavePackage: Moving '../../../../../Users/cythe/Documents/GitHub/SmolGame/SmolGame/Saved/SideScrollerExampleMap_BuiltData1771F8BE45267622DA94C69B7030A1B9.tmp' to '../../../../../Users/cythe/Documents/GitHub/SmolGame/SmolGame/Content/SideScrollerBP/Maps/SideScrollerExampleMap_BuiltData.uasset'
[2022.02.12-18.34.55:090][794]AssetCheck: New page: Asset Save: multiple assets
[2022.02.12-18.34.55:090][794]LogContentValidation: Display: Validating MapBuildDataRegistry /Game/SideScrollerBP/Maps/SideScrollerExampleMap_BuiltData.SideScrollerExampleMap_BuiltData
[2022.02.12-18.34.55:090][794]LogContentValidation: Display: Validating World /Game/SideScrollerBP/Maps/SideScrollerExampleMap.SideScrollerExampleMap
[2022.02.12-18.34.57:811][952]LogUObjectHash: Compacting FUObjectHashTables data took   0.21ms
